[2.759s] Invoking command in '/home/rslam/Desktop/Indoor_Mobile_Robotic_Arm/src/locomotion_core': PYTHONPATH=/home/rslam/Desktop/Indoor_Mobile_Robotic_Arm/build/locomotion_core/prefix_override:/home/rslam/Desktop/Indoor_Mobile_Robotic_Arm/install/locomotion_core/lib/python3.8/site-packages:${PYTHONPATH} /usr/bin/python3 setup.py egg_info --egg-base ../../build/locomotion_core build --build-base /home/rslam/Desktop/Indoor_Mobile_Robotic_Arm/build/locomotion_core/build install --record /home/rslam/Desktop/Indoor_Mobile_Robotic_Arm/build/locomotion_core/install.log --single-version-externally-managed
[3.222s] running egg_info
[3.223s] creating ../../build/locomotion_core/locomotion_core.egg-info
[3.223s] writing ../../build/locomotion_core/locomotion_core.egg-info/PKG-INFO
[3.224s] writing dependency_links to ../../build/locomotion_core/locomotion_core.egg-info/dependency_links.txt
[3.225s] writing entry points to ../../build/locomotion_core/locomotion_core.egg-info/entry_points.txt
[3.225s] writing requirements to ../../build/locomotion_core/locomotion_core.egg-info/requires.txt
[3.225s] writing top-level names to ../../build/locomotion_core/locomotion_core.egg-info/top_level.txt
[3.295s] writing manifest file '../../build/locomotion_core/locomotion_core.egg-info/SOURCES.txt'
[3.363s] reading manifest file '../../build/locomotion_core/locomotion_core.egg-info/SOURCES.txt'
[3.364s] writing manifest file '../../build/locomotion_core/locomotion_core.egg-info/SOURCES.txt'
[3.372s] running build
[3.372s] running build_py
[3.373s] creating /home/rslam/Desktop/Indoor_Mobile_Robotic_Arm/build/locomotion_core/build
[3.374s] creating /home/rslam/Desktop/Indoor_Mobile_Robotic_Arm/build/locomotion_core/build/lib
[3.374s] creating /home/rslam/Desktop/Indoor_Mobile_Robotic_Arm/build/locomotion_core/build/lib/locomotion_core
[3.375s] copying locomotion_core/RoverDescription.py -> /home/rslam/Desktop/Indoor_Mobile_Robotic_Arm/build/locomotion_core/build/lib/locomotion_core
[3.376s] copying locomotion_core/RobotDefinition.py -> /home/rslam/Desktop/Indoor_Mobile_Robotic_Arm/build/locomotion_core/build/lib/locomotion_core
[3.377s] copying locomotion_core/__init__.py -> /home/rslam/Desktop/Indoor_Mobile_Robotic_Arm/build/locomotion_core/build/lib/locomotion_core
[3.378s] copying locomotion_core/rover_state_controller.py -> /home/rslam/Desktop/Indoor_Mobile_Robotic_Arm/build/locomotion_core/build/lib/locomotion_core
[3.378s] copying locomotion_core/cmd_roboteq.py -> /home/rslam/Desktop/Indoor_Mobile_Robotic_Arm/build/locomotion_core/build/lib/locomotion_core
[3.378s] copying locomotion_core/driver_node.py -> /home/rslam/Desktop/Indoor_Mobile_Robotic_Arm/build/locomotion_core/build/lib/locomotion_core
[3.378s] copying locomotion_core/cmd_roboteq_test.py -> /home/rslam/Desktop/Indoor_Mobile_Robotic_Arm/build/locomotion_core/build/lib/locomotion_core
[3.378s] running install
[3.379s] running install_lib
[3.379s] creating /home/rslam/Desktop/Indoor_Mobile_Robotic_Arm/install/locomotion_core/lib/python3.8/site-packages/locomotion_core
[3.379s] copying /home/rslam/Desktop/Indoor_Mobile_Robotic_Arm/build/locomotion_core/build/lib/locomotion_core/RoverDescription.py -> /home/rslam/Desktop/Indoor_Mobile_Robotic_Arm/install/locomotion_core/lib/python3.8/site-packages/locomotion_core
[3.379s] copying /home/rslam/Desktop/Indoor_Mobile_Robotic_Arm/build/locomotion_core/build/lib/locomotion_core/RobotDefinition.py -> /home/rslam/Desktop/Indoor_Mobile_Robotic_Arm/install/locomotion_core/lib/python3.8/site-packages/locomotion_core
[3.379s] copying /home/rslam/Desktop/Indoor_Mobile_Robotic_Arm/build/locomotion_core/build/lib/locomotion_core/__init__.py -> /home/rslam/Desktop/Indoor_Mobile_Robotic_Arm/install/locomotion_core/lib/python3.8/site-packages/locomotion_core
[3.379s] copying /home/rslam/Desktop/Indoor_Mobile_Robotic_Arm/build/locomotion_core/build/lib/locomotion_core/rover_state_controller.py -> /home/rslam/Desktop/Indoor_Mobile_Robotic_Arm/install/locomotion_core/lib/python3.8/site-packages/locomotion_core
[3.379s] copying /home/rslam/Desktop/Indoor_Mobile_Robotic_Arm/build/locomotion_core/build/lib/locomotion_core/cmd_roboteq.py -> /home/rslam/Desktop/Indoor_Mobile_Robotic_Arm/install/locomotion_core/lib/python3.8/site-packages/locomotion_core
[3.380s] copying /home/rslam/Desktop/Indoor_Mobile_Robotic_Arm/build/locomotion_core/build/lib/locomotion_core/driver_node.py -> /home/rslam/Desktop/Indoor_Mobile_Robotic_Arm/install/locomotion_core/lib/python3.8/site-packages/locomotion_core
[3.380s] copying /home/rslam/Desktop/Indoor_Mobile_Robotic_Arm/build/locomotion_core/build/lib/locomotion_core/cmd_roboteq_test.py -> /home/rslam/Desktop/Indoor_Mobile_Robotic_Arm/install/locomotion_core/lib/python3.8/site-packages/locomotion_core
[3.380s] byte-compiling /home/rslam/Desktop/Indoor_Mobile_Robotic_Arm/install/locomotion_core/lib/python3.8/site-packages/locomotion_core/RoverDescription.py to RoverDescription.cpython-38.pyc
[3.383s] byte-compiling /home/rslam/Desktop/Indoor_Mobile_Robotic_Arm/install/locomotion_core/lib/python3.8/site-packages/locomotion_core/RobotDefinition.py to RobotDefinition.cpython-38.pyc
[3.383s] byte-compiling /home/rslam/Desktop/Indoor_Mobile_Robotic_Arm/install/locomotion_core/lib/python3.8/site-packages/locomotion_core/__init__.py to __init__.cpython-38.pyc
[3.383s] byte-compiling /home/rslam/Desktop/Indoor_Mobile_Robotic_Arm/install/locomotion_core/lib/python3.8/site-packages/locomotion_core/rover_state_controller.py to rover_state_controller.cpython-38.pyc
[3.383s] byte-compiling /home/rslam/Desktop/Indoor_Mobile_Robotic_Arm/install/locomotion_core/lib/python3.8/site-packages/locomotion_core/cmd_roboteq.py to cmd_roboteq.cpython-38.pyc
[3.384s] byte-compiling /home/rslam/Desktop/Indoor_Mobile_Robotic_Arm/install/locomotion_core/lib/python3.8/site-packages/locomotion_core/driver_node.py to driver_node.cpython-38.pyc
[3.384s] byte-compiling /home/rslam/Desktop/Indoor_Mobile_Robotic_Arm/install/locomotion_core/lib/python3.8/site-packages/locomotion_core/cmd_roboteq_test.py to cmd_roboteq_test.cpython-38.pyc
[3.447s] running install_data
[3.448s] creating /home/rslam/Desktop/Indoor_Mobile_Robotic_Arm/install/locomotion_core/share/ament_index
[3.448s] creating /home/rslam/Desktop/Indoor_Mobile_Robotic_Arm/install/locomotion_core/share/ament_index/resource_index
[3.448s] creating /home/rslam/Desktop/Indoor_Mobile_Robotic_Arm/install/locomotion_core/share/ament_index/resource_index/packages
[3.449s] copying resource/locomotion_core -> /home/rslam/Desktop/Indoor_Mobile_Robotic_Arm/install/locomotion_core/share/ament_index/resource_index/packages
[3.449s] copying package.xml -> /home/rslam/Desktop/Indoor_Mobile_Robotic_Arm/install/locomotion_core/share/locomotion_core
[3.449s] running install_egg_info
[3.454s] Copying ../../build/locomotion_core/locomotion_core.egg-info to /home/rslam/Desktop/Indoor_Mobile_Robotic_Arm/install/locomotion_core/lib/python3.8/site-packages/locomotion_core-0.0.0-py3.8.egg-info
[3.456s] running install_scripts
[3.507s] Installing cmd_roboteq script to /home/rslam/Desktop/Indoor_Mobile_Robotic_Arm/install/locomotion_core/lib/locomotion_core
[3.508s] Installing drive_selector script to /home/rslam/Desktop/Indoor_Mobile_Robotic_Arm/install/locomotion_core/lib/locomotion_core
[3.508s] Installing movebase_core script to /home/rslam/Desktop/Indoor_Mobile_Robotic_Arm/install/locomotion_core/lib/locomotion_core
[3.508s] Installing rover_state_controller script to /home/rslam/Desktop/Indoor_Mobile_Robotic_Arm/install/locomotion_core/lib/locomotion_core
[3.509s] writing list of installed files to '/home/rslam/Desktop/Indoor_Mobile_Robotic_Arm/build/locomotion_core/install.log'
[3.712s] Invoked command in '/home/rslam/Desktop/Indoor_Mobile_Robotic_Arm/src/locomotion_core' returned '0': PYTHONPATH=/home/rslam/Desktop/Indoor_Mobile_Robotic_Arm/build/locomotion_core/prefix_override:/home/rslam/Desktop/Indoor_Mobile_Robotic_Arm/install/locomotion_core/lib/python3.8/site-packages:${PYTHONPATH} /usr/bin/python3 setup.py egg_info --egg-base ../../build/locomotion_core build --build-base /home/rslam/Desktop/Indoor_Mobile_Robotic_Arm/build/locomotion_core/build install --record /home/rslam/Desktop/Indoor_Mobile_Robotic_Arm/build/locomotion_core/install.log --single-version-externally-managed
