[0.589s] DEBUG:colcon:Command line arguments: ['/usr/bin/colcon', 'build']
[0.589s] DEBUG:colcon:Parsed command line arguments: Namespace(allow_overriding=[], ament_cmake_args=None, base_paths=['.'], build_base='build', catkin_cmake_args=None, catkin_skip_building_tests=False, cmake_args=None, cmake_clean_cache=False, cmake_clean_first=False, cmake_force_configure=False, cmake_target=None, cmake_target_skip_unavailable=False, continue_on_error=False, event_handlers=None, executor='parallel', ignore_user_meta=False, install_base='install', log_base=None, log_level=None, main=<bound method BuildVerb.main of <colcon_core.verb.build.BuildVerb object at 0xffffb78b30a0>>, merge_install=False, metas=['./colcon.meta'], packages_above=None, packages_above_and_dependencies=None, packages_above_depth=None, packages_end=None, packages_ignore=None, packages_ignore_regex=None, packages_select=None, packages_select_build_failed=False, packages_select_by_dep=None, packages_select_regex=None, packages_select_test_failures=False, packages_skip=None, packages_skip_build_finished=False, packages_skip_by_dep=None, packages_skip_regex=None, packages_skip_test_passed=False, packages_skip_up_to=None, packages_start=None, packages_up_to=None, packages_up_to_regex=None, parallel_workers=6, paths=None, symlink_install=False, test_result_base=None, verb_extension=<colcon_core.verb.build.BuildVerb object at 0xffffb78b30a0>, verb_name='build', verb_parser=<colcon_defaults.argument_parser.defaults.DefaultArgumentsDecorator object at 0xffffb78b35e0>)
[0.642s] Level 1:colcon.colcon_core.package_discovery:discover_packages(colcon_meta) check parameters
[0.642s] Level 1:colcon.colcon_core.package_discovery:discover_packages(recursive) check parameters
[0.642s] Level 1:colcon.colcon_core.package_discovery:discover_packages(ignore) check parameters
[0.642s] Level 1:colcon.colcon_core.package_discovery:discover_packages(path) check parameters
[0.642s] Level 1:colcon.colcon_core.package_discovery:discover_packages(colcon_meta) discover
[0.642s] Level 1:colcon.colcon_core.package_discovery:discover_packages(recursive) discover
[0.642s] INFO:colcon.colcon_core.package_discovery:Crawling recursively for packages in '/home/rslam/Desktop/Indoor_Mobile_Robotic_Arm'
[0.643s] Level 1:colcon.colcon_core.package_identification:_identify(.) by extensions ['ignore', 'ignore_ament_install']
[0.643s] Level 1:colcon.colcon_core.package_identification:_identify(.) by extension 'ignore'
[0.643s] Level 1:colcon.colcon_core.package_identification:_identify(.) by extension 'ignore_ament_install'
[0.643s] Level 1:colcon.colcon_core.package_identification:_identify(.) by extensions ['colcon_pkg']
[0.643s] Level 1:colcon.colcon_core.package_identification:_identify(.) by extension 'colcon_pkg'
[0.643s] Level 1:colcon.colcon_core.package_identification:_identify(.) by extensions ['colcon_meta']
[0.643s] Level 1:colcon.colcon_core.package_identification:_identify(.) by extension 'colcon_meta'
[0.643s] Level 1:colcon.colcon_core.package_identification:_identify(.) by extensions ['ros']
[0.643s] Level 1:colcon.colcon_core.package_identification:_identify(.) by extension 'ros'
[0.688s] Level 1:colcon.colcon_core.package_identification:_identify(.) by extensions ['cmake', 'python']
[0.688s] Level 1:colcon.colcon_core.package_identification:_identify(.) by extension 'cmake'
[0.689s] Level 1:colcon.colcon_core.package_identification:_identify(.) by extension 'python'
[0.689s] Level 1:colcon.colcon_core.package_identification:_identify(.) by extensions ['python_setup_py']
[0.689s] Level 1:colcon.colcon_core.package_identification:_identify(.) by extension 'python_setup_py'
[0.689s] Level 1:colcon.colcon_core.package_identification:_identify(build) by extensions ['ignore', 'ignore_ament_install']
[0.689s] Level 1:colcon.colcon_core.package_identification:_identify(build) by extension 'ignore'
[0.690s] Level 1:colcon.colcon_core.package_identification:_identify(build) ignored
[0.690s] Level 1:colcon.colcon_core.package_identification:_identify(install) by extensions ['ignore', 'ignore_ament_install']
[0.690s] Level 1:colcon.colcon_core.package_identification:_identify(install) by extension 'ignore'
[0.690s] Level 1:colcon.colcon_core.package_identification:_identify(install) ignored
[0.690s] Level 1:colcon.colcon_core.package_identification:_identify(log) by extensions ['ignore', 'ignore_ament_install']
[0.691s] Level 1:colcon.colcon_core.package_identification:_identify(log) by extension 'ignore'
[0.691s] Level 1:colcon.colcon_core.package_identification:_identify(log) ignored
[0.691s] Level 1:colcon.colcon_core.package_identification:_identify(src) by extensions ['ignore', 'ignore_ament_install']
[0.691s] Level 1:colcon.colcon_core.package_identification:_identify(src) by extension 'ignore'
[0.691s] Level 1:colcon.colcon_core.package_identification:_identify(src) by extension 'ignore_ament_install'
[0.691s] Level 1:colcon.colcon_core.package_identification:_identify(src) by extensions ['colcon_pkg']
[0.691s] Level 1:colcon.colcon_core.package_identification:_identify(src) by extension 'colcon_pkg'
[0.691s] Level 1:colcon.colcon_core.package_identification:_identify(src) by extensions ['colcon_meta']
[0.691s] Level 1:colcon.colcon_core.package_identification:_identify(src) by extension 'colcon_meta'
[0.692s] Level 1:colcon.colcon_core.package_identification:_identify(src) by extensions ['ros']
[0.692s] Level 1:colcon.colcon_core.package_identification:_identify(src) by extension 'ros'
[0.692s] Level 1:colcon.colcon_core.package_identification:_identify(src) by extensions ['cmake', 'python']
[0.692s] Level 1:colcon.colcon_core.package_identification:_identify(src) by extension 'cmake'
[0.692s] Level 1:colcon.colcon_core.package_identification:_identify(src) by extension 'python'
[0.692s] Level 1:colcon.colcon_core.package_identification:_identify(src) by extensions ['python_setup_py']
[0.692s] Level 1:colcon.colcon_core.package_identification:_identify(src) by extension 'python_setup_py'
[0.692s] Level 1:colcon.colcon_core.package_identification:_identify(src/locomotion_core) by extensions ['ignore', 'ignore_ament_install']
[0.692s] Level 1:colcon.colcon_core.package_identification:_identify(src/locomotion_core) by extension 'ignore'
[0.693s] Level 1:colcon.colcon_core.package_identification:_identify(src/locomotion_core) by extension 'ignore_ament_install'
[0.693s] Level 1:colcon.colcon_core.package_identification:_identify(src/locomotion_core) by extensions ['colcon_pkg']
[0.693s] Level 1:colcon.colcon_core.package_identification:_identify(src/locomotion_core) by extension 'colcon_pkg'
[0.693s] Level 1:colcon.colcon_core.package_identification:_identify(src/locomotion_core) by extensions ['colcon_meta']
[0.693s] Level 1:colcon.colcon_core.package_identification:_identify(src/locomotion_core) by extension 'colcon_meta'
[0.693s] Level 1:colcon.colcon_core.package_identification:_identify(src/locomotion_core) by extensions ['ros']
[0.693s] Level 1:colcon.colcon_core.package_identification:_identify(src/locomotion_core) by extension 'ros'
[0.698s] DEBUG:colcon.colcon_core.package_identification:Package 'src/locomotion_core' with type 'ros.ament_python' and name 'locomotion_core'
[0.698s] Level 1:colcon.colcon_core.package_identification:_identify(src/ros1_bridge) by extensions ['ignore', 'ignore_ament_install']
[0.699s] Level 1:colcon.colcon_core.package_identification:_identify(src/ros1_bridge) by extension 'ignore'
[0.699s] Level 1:colcon.colcon_core.package_identification:_identify(src/ros1_bridge) by extension 'ignore_ament_install'
[0.699s] Level 1:colcon.colcon_core.package_identification:_identify(src/ros1_bridge) by extensions ['colcon_pkg']
[0.699s] Level 1:colcon.colcon_core.package_identification:_identify(src/ros1_bridge) by extension 'colcon_pkg'
[0.699s] Level 1:colcon.colcon_core.package_identification:_identify(src/ros1_bridge) by extensions ['colcon_meta']
[0.699s] Level 1:colcon.colcon_core.package_identification:_identify(src/ros1_bridge) by extension 'colcon_meta'
[0.699s] Level 1:colcon.colcon_core.package_identification:_identify(src/ros1_bridge) by extensions ['ros']
[0.699s] Level 1:colcon.colcon_core.package_identification:_identify(src/ros1_bridge) by extension 'ros'
[0.701s] DEBUG:colcon.colcon_core.package_identification:Package 'src/ros1_bridge' with type 'ros.ament_cmake' and name 'ros1_bridge'
[0.701s] Level 1:colcon.colcon_core.package_identification:_identify(src/rsl_scu) by extensions ['ignore', 'ignore_ament_install']
[0.702s] Level 1:colcon.colcon_core.package_identification:_identify(src/rsl_scu) by extension 'ignore'
[0.702s] Level 1:colcon.colcon_core.package_identification:_identify(src/rsl_scu) by extension 'ignore_ament_install'
[0.702s] Level 1:colcon.colcon_core.package_identification:_identify(src/rsl_scu) by extensions ['colcon_pkg']
[0.702s] Level 1:colcon.colcon_core.package_identification:_identify(src/rsl_scu) by extension 'colcon_pkg'
[0.702s] Level 1:colcon.colcon_core.package_identification:_identify(src/rsl_scu) by extensions ['colcon_meta']
[0.702s] Level 1:colcon.colcon_core.package_identification:_identify(src/rsl_scu) by extension 'colcon_meta'
[0.702s] Level 1:colcon.colcon_core.package_identification:_identify(src/rsl_scu) by extensions ['ros']
[0.702s] Level 1:colcon.colcon_core.package_identification:_identify(src/rsl_scu) by extension 'ros'
[0.703s] DEBUG:colcon.colcon_core.package_identification:Package 'src/rsl_scu' with type 'ros.ament_python' and name 'rsl_scu'
[0.703s] Level 1:colcon.colcon_core.package_discovery:discover_packages(recursive) using defaults
[0.703s] Level 1:colcon.colcon_core.package_discovery:discover_packages(ignore) discover
[0.703s] Level 1:colcon.colcon_core.package_discovery:discover_packages(ignore) using defaults
[0.703s] Level 1:colcon.colcon_core.package_discovery:discover_packages(path) discover
[0.703s] Level 1:colcon.colcon_core.package_discovery:discover_packages(path) using defaults
[0.744s] Level 1:colcon.colcon_core.package_discovery:discover_packages(prefix_path) check parameters
[0.744s] Level 1:colcon.colcon_core.package_discovery:discover_packages(prefix_path) discover
[0.750s] DEBUG:colcon.colcon_installed_package_information.package_discovery:Found 256 installed packages in /opt/ros/foxy
[0.753s] Level 1:colcon.colcon_core.package_discovery:discover_packages(prefix_path) using defaults
[0.881s] Level 5:colcon.colcon_core.verb:set package 'locomotion_core' build argument 'cmake_args' from command line to 'None'
[0.882s] Level 5:colcon.colcon_core.verb:set package 'locomotion_core' build argument 'cmake_target' from command line to 'None'
[0.882s] Level 5:colcon.colcon_core.verb:set package 'locomotion_core' build argument 'cmake_target_skip_unavailable' from command line to 'False'
[0.882s] Level 5:colcon.colcon_core.verb:set package 'locomotion_core' build argument 'cmake_clean_cache' from command line to 'False'
[0.882s] Level 5:colcon.colcon_core.verb:set package 'locomotion_core' build argument 'cmake_clean_first' from command line to 'False'
[0.882s] Level 5:colcon.colcon_core.verb:set package 'locomotion_core' build argument 'cmake_force_configure' from command line to 'False'
[0.882s] Level 5:colcon.colcon_core.verb:set package 'locomotion_core' build argument 'ament_cmake_args' from command line to 'None'
[0.882s] Level 5:colcon.colcon_core.verb:set package 'locomotion_core' build argument 'catkin_cmake_args' from command line to 'None'
[0.882s] Level 5:colcon.colcon_core.verb:set package 'locomotion_core' build argument 'catkin_skip_building_tests' from command line to 'False'
[0.882s] DEBUG:colcon.colcon_core.verb:Building package 'locomotion_core' with the following arguments: {'ament_cmake_args': None, 'build_base': '/home/rslam/Desktop/Indoor_Mobile_Robotic_Arm/build/locomotion_core', 'catkin_cmake_args': None, 'catkin_skip_building_tests': False, 'cmake_args': None, 'cmake_clean_cache': False, 'cmake_clean_first': False, 'cmake_force_configure': False, 'cmake_target': None, 'cmake_target_skip_unavailable': False, 'install_base': '/home/rslam/Desktop/Indoor_Mobile_Robotic_Arm/install/locomotion_core', 'merge_install': False, 'path': '/home/rslam/Desktop/Indoor_Mobile_Robotic_Arm/src/locomotion_core', 'symlink_install': False, 'test_result_base': None}
[0.884s] Level 5:colcon.colcon_core.verb:set package 'ros1_bridge' build argument 'cmake_args' from command line to 'None'
[0.884s] Level 5:colcon.colcon_core.verb:set package 'ros1_bridge' build argument 'cmake_target' from command line to 'None'
[0.884s] Level 5:colcon.colcon_core.verb:set package 'ros1_bridge' build argument 'cmake_target_skip_unavailable' from command line to 'False'
[0.884s] Level 5:colcon.colcon_core.verb:set package 'ros1_bridge' build argument 'cmake_clean_cache' from command line to 'False'
[0.884s] Level 5:colcon.colcon_core.verb:set package 'ros1_bridge' build argument 'cmake_clean_first' from command line to 'False'
[0.884s] Level 5:colcon.colcon_core.verb:set package 'ros1_bridge' build argument 'cmake_force_configure' from command line to 'False'
[0.884s] Level 5:colcon.colcon_core.verb:set package 'ros1_bridge' build argument 'ament_cmake_args' from command line to 'None'
[0.884s] Level 5:colcon.colcon_core.verb:set package 'ros1_bridge' build argument 'catkin_cmake_args' from command line to 'None'
[0.884s] Level 5:colcon.colcon_core.verb:set package 'ros1_bridge' build argument 'catkin_skip_building_tests' from command line to 'False'
[0.885s] DEBUG:colcon.colcon_core.verb:Building package 'ros1_bridge' with the following arguments: {'ament_cmake_args': None, 'build_base': '/home/rslam/Desktop/Indoor_Mobile_Robotic_Arm/build/ros1_bridge', 'catkin_cmake_args': None, 'catkin_skip_building_tests': False, 'cmake_args': None, 'cmake_clean_cache': False, 'cmake_clean_first': False, 'cmake_force_configure': False, 'cmake_target': None, 'cmake_target_skip_unavailable': False, 'install_base': '/home/rslam/Desktop/Indoor_Mobile_Robotic_Arm/install/ros1_bridge', 'merge_install': False, 'path': '/home/rslam/Desktop/Indoor_Mobile_Robotic_Arm/src/ros1_bridge', 'symlink_install': False, 'test_result_base': None}
[0.886s] Level 5:colcon.colcon_core.verb:set package 'rsl_scu' build argument 'cmake_args' from command line to 'None'
[0.886s] Level 5:colcon.colcon_core.verb:set package 'rsl_scu' build argument 'cmake_target' from command line to 'None'
[0.886s] Level 5:colcon.colcon_core.verb:set package 'rsl_scu' build argument 'cmake_target_skip_unavailable' from command line to 'False'
[0.887s] Level 5:colcon.colcon_core.verb:set package 'rsl_scu' build argument 'cmake_clean_cache' from command line to 'False'
[0.887s] Level 5:colcon.colcon_core.verb:set package 'rsl_scu' build argument 'cmake_clean_first' from command line to 'False'
[0.887s] Level 5:colcon.colcon_core.verb:set package 'rsl_scu' build argument 'cmake_force_configure' from command line to 'False'
[0.887s] Level 5:colcon.colcon_core.verb:set package 'rsl_scu' build argument 'ament_cmake_args' from command line to 'None'
[0.887s] Level 5:colcon.colcon_core.verb:set package 'rsl_scu' build argument 'catkin_cmake_args' from command line to 'None'
[0.887s] Level 5:colcon.colcon_core.verb:set package 'rsl_scu' build argument 'catkin_skip_building_tests' from command line to 'False'
[0.887s] DEBUG:colcon.colcon_core.verb:Building package 'rsl_scu' with the following arguments: {'ament_cmake_args': None, 'build_base': '/home/rslam/Desktop/Indoor_Mobile_Robotic_Arm/build/rsl_scu', 'catkin_cmake_args': None, 'catkin_skip_building_tests': False, 'cmake_args': None, 'cmake_clean_cache': False, 'cmake_clean_first': False, 'cmake_force_configure': False, 'cmake_target': None, 'cmake_target_skip_unavailable': False, 'install_base': '/home/rslam/Desktop/Indoor_Mobile_Robotic_Arm/install/rsl_scu', 'merge_install': False, 'path': '/home/rslam/Desktop/Indoor_Mobile_Robotic_Arm/src/rsl_scu', 'symlink_install': False, 'test_result_base': None}
[0.888s] INFO:colcon.colcon_core.executor:Executing jobs using 'parallel' executor
[0.895s] DEBUG:colcon.colcon_parallel_executor.executor.parallel:run_until_complete
[0.896s] INFO:colcon.colcon_ros.task.ament_python.build:Building ROS package in '/home/rslam/Desktop/Indoor_Mobile_Robotic_Arm/src/locomotion_core' with build type 'ament_python'
[0.896s] Level 1:colcon.colcon_core.shell:create_environment_hook('locomotion_core', 'ament_prefix_path')
[0.905s] INFO:colcon.colcon_core.plugin_system:Skipping extension 'colcon_core.shell.bat': Not used on non-Windows systems
[0.905s] INFO:colcon.colcon_core.shell:Creating environment hook '/home/rslam/Desktop/Indoor_Mobile_Robotic_Arm/install/locomotion_core/share/locomotion_core/hook/ament_prefix_path.ps1'
[0.907s] INFO:colcon.colcon_core.shell:Creating environment descriptor '/home/rslam/Desktop/Indoor_Mobile_Robotic_Arm/install/locomotion_core/share/locomotion_core/hook/ament_prefix_path.dsv'
[0.908s] INFO:colcon.colcon_core.shell:Creating environment hook '/home/rslam/Desktop/Indoor_Mobile_Robotic_Arm/install/locomotion_core/share/locomotion_core/hook/ament_prefix_path.sh'
[0.916s] INFO:colcon.colcon_core.shell:Skip shell extension 'powershell' for command environment: Not usable outside of PowerShell
[0.916s] DEBUG:colcon.colcon_core.shell:Skip shell extension 'dsv' for command environment
[0.927s] INFO:colcon.colcon_ros.task.ament_cmake.build:Building ROS package in '/home/rslam/Desktop/Indoor_Mobile_Robotic_Arm/src/ros1_bridge' with build type 'ament_cmake'
[0.928s] INFO:colcon.colcon_cmake.task.cmake.build:Building CMake package in '/home/rslam/Desktop/Indoor_Mobile_Robotic_Arm/src/ros1_bridge'
[0.932s] INFO:colcon.colcon_core.shell:Skip shell extension 'powershell' for command environment: Not usable outside of PowerShell
[0.932s] DEBUG:colcon.colcon_core.shell:Skip shell extension 'dsv' for command environment
[0.942s] INFO:colcon.colcon_ros.task.ament_python.build:Building ROS package in '/home/rslam/Desktop/Indoor_Mobile_Robotic_Arm/src/rsl_scu' with build type 'ament_python'
[0.943s] Level 1:colcon.colcon_core.shell:create_environment_hook('rsl_scu', 'ament_prefix_path')
[0.946s] INFO:colcon.colcon_core.shell:Creating environment hook '/home/rslam/Desktop/Indoor_Mobile_Robotic_Arm/install/rsl_scu/share/rsl_scu/hook/ament_prefix_path.ps1'
[0.947s] INFO:colcon.colcon_core.shell:Creating environment descriptor '/home/rslam/Desktop/Indoor_Mobile_Robotic_Arm/install/rsl_scu/share/rsl_scu/hook/ament_prefix_path.dsv'
[0.948s] INFO:colcon.colcon_core.shell:Creating environment hook '/home/rslam/Desktop/Indoor_Mobile_Robotic_Arm/install/rsl_scu/share/rsl_scu/hook/ament_prefix_path.sh'
[0.951s] INFO:colcon.colcon_core.shell:Skip shell extension 'powershell' for command environment: Not usable outside of PowerShell
[0.951s] DEBUG:colcon.colcon_core.shell:Skip shell extension 'dsv' for command environment
[1.393s] INFO:colcon.colcon_core.task.python.build:Building Python package in '/home/rslam/Desktop/Indoor_Mobile_Robotic_Arm/src/locomotion_core'
[1.397s] INFO:colcon.colcon_core.shell:Skip shell extension 'powershell' for command environment: Not usable outside of PowerShell
[1.553s] DEBUG:colcon.colcon_core.shell:Skip shell extension 'dsv' for command environment
[1.574s] DEBUG:colcon.colcon_core.event_handler.log_command:Invoking command in '/home/rslam/Desktop/Indoor_Mobile_Robotic_Arm/build/ros1_bridge': CMAKE_PREFIX_PATH=/opt/ros/foxy /usr/bin/cmake --build /home/rslam/Desktop/Indoor_Mobile_Robotic_Arm/build/ros1_bridge -- -j6 -l6
[2.017s] INFO:colcon.colcon_core.task.python.build:Building Python package in '/home/rslam/Desktop/Indoor_Mobile_Robotic_Arm/src/rsl_scu'
[2.023s] INFO:colcon.colcon_core.shell:Skip shell extension 'powershell' for command environment: Not usable outside of PowerShell
[2.023s] DEBUG:colcon.colcon_core.shell:Skip shell extension 'dsv' for command environment
[2.048s] DEBUG:colcon.colcon_core.event_handler.log_command:Invoked command in '/home/rslam/Desktop/Indoor_Mobile_Robotic_Arm/build/ros1_bridge' returned '0': CMAKE_PREFIX_PATH=/opt/ros/foxy /usr/bin/cmake --build /home/rslam/Desktop/Indoor_Mobile_Robotic_Arm/build/ros1_bridge -- -j6 -l6
[2.118s] DEBUG:colcon.colcon_core.event_handler.log_command:Invoking command in '/home/rslam/Desktop/Indoor_Mobile_Robotic_Arm/build/ros1_bridge': CMAKE_PREFIX_PATH=/opt/ros/foxy /usr/bin/cmake --install /home/rslam/Desktop/Indoor_Mobile_Robotic_Arm/build/ros1_bridge
[2.142s] Level 1:colcon.colcon_core.environment:create_environment_scripts_only(ros1_bridge)
[2.143s] DEBUG:colcon.colcon_core.event_handler.log_command:Invoked command in '/home/rslam/Desktop/Indoor_Mobile_Robotic_Arm/build/ros1_bridge' returned '0': CMAKE_PREFIX_PATH=/opt/ros/foxy /usr/bin/cmake --install /home/rslam/Desktop/Indoor_Mobile_Robotic_Arm/build/ros1_bridge
[2.154s] Level 1:colcon.colcon_core.environment:checking '/home/rslam/Desktop/Indoor_Mobile_Robotic_Arm/install/ros1_bridge' for CMake module files
[2.155s] Level 1:colcon.colcon_core.environment:checking '/home/rslam/Desktop/Indoor_Mobile_Robotic_Arm/install/ros1_bridge' for CMake config files
[2.156s] Level 1:colcon.colcon_core.shell:create_environment_hook('ros1_bridge', 'cmake_prefix_path')
[2.158s] INFO:colcon.colcon_core.shell:Creating environment hook '/home/rslam/Desktop/Indoor_Mobile_Robotic_Arm/install/ros1_bridge/share/ros1_bridge/hook/cmake_prefix_path.ps1'
[2.159s] INFO:colcon.colcon_core.shell:Creating environment descriptor '/home/rslam/Desktop/Indoor_Mobile_Robotic_Arm/install/ros1_bridge/share/ros1_bridge/hook/cmake_prefix_path.dsv'
[2.160s] INFO:colcon.colcon_core.shell:Creating environment hook '/home/rslam/Desktop/Indoor_Mobile_Robotic_Arm/install/ros1_bridge/share/ros1_bridge/hook/cmake_prefix_path.sh'
[2.162s] Level 1:colcon.colcon_core.environment:checking '/home/rslam/Desktop/Indoor_Mobile_Robotic_Arm/install/ros1_bridge/bin'
[2.162s] Level 1:colcon.colcon_core.environment:checking '/home/rslam/Desktop/Indoor_Mobile_Robotic_Arm/install/ros1_bridge/lib/pkgconfig/ros1_bridge.pc'
[2.162s] Level 1:colcon.colcon_core.environment:checking '/home/rslam/Desktop/Indoor_Mobile_Robotic_Arm/install/ros1_bridge/lib/python3.8/site-packages'
[2.163s] Level 1:colcon.colcon_core.environment:checking '/home/rslam/Desktop/Indoor_Mobile_Robotic_Arm/install/ros1_bridge/bin'
[2.165s] INFO:colcon.colcon_core.shell:Creating package script '/home/rslam/Desktop/Indoor_Mobile_Robotic_Arm/install/ros1_bridge/share/ros1_bridge/package.ps1'
[2.167s] INFO:colcon.colcon_core.shell:Creating package descriptor '/home/rslam/Desktop/Indoor_Mobile_Robotic_Arm/install/ros1_bridge/share/ros1_bridge/package.dsv'
[2.168s] INFO:colcon.colcon_core.shell:Creating package script '/home/rslam/Desktop/Indoor_Mobile_Robotic_Arm/install/ros1_bridge/share/ros1_bridge/package.sh'
[2.170s] INFO:colcon.colcon_core.shell:Creating package script '/home/rslam/Desktop/Indoor_Mobile_Robotic_Arm/install/ros1_bridge/share/ros1_bridge/package.bash'
[2.172s] INFO:colcon.colcon_core.shell:Creating package script '/home/rslam/Desktop/Indoor_Mobile_Robotic_Arm/install/ros1_bridge/share/ros1_bridge/package.zsh'
[2.173s] Level 1:colcon.colcon_core.environment:create_file_with_runtime_dependencies(/home/rslam/Desktop/Indoor_Mobile_Robotic_Arm/install/ros1_bridge/share/colcon-core/packages/ros1_bridge)
[2.217s] Level 1:colcon.colcon_core.environment:create_environment_scripts_only(ros1_bridge)
[2.221s] Level 1:colcon.colcon_core.environment:checking '/home/rslam/Desktop/Indoor_Mobile_Robotic_Arm/install/ros1_bridge' for CMake module files
[2.222s] Level 1:colcon.colcon_core.environment:checking '/home/rslam/Desktop/Indoor_Mobile_Robotic_Arm/install/ros1_bridge' for CMake config files
[2.222s] Level 1:colcon.colcon_core.shell:create_environment_hook('ros1_bridge', 'cmake_prefix_path')
[2.225s] INFO:colcon.colcon_core.shell:Creating environment hook '/home/rslam/Desktop/Indoor_Mobile_Robotic_Arm/install/ros1_bridge/share/ros1_bridge/hook/cmake_prefix_path.ps1'
[2.226s] INFO:colcon.colcon_core.shell:Creating environment descriptor '/home/rslam/Desktop/Indoor_Mobile_Robotic_Arm/install/ros1_bridge/share/ros1_bridge/hook/cmake_prefix_path.dsv'
[2.227s] INFO:colcon.colcon_core.shell:Creating environment hook '/home/rslam/Desktop/Indoor_Mobile_Robotic_Arm/install/ros1_bridge/share/ros1_bridge/hook/cmake_prefix_path.sh'
[2.228s] Level 1:colcon.colcon_core.environment:checking '/home/rslam/Desktop/Indoor_Mobile_Robotic_Arm/install/ros1_bridge/bin'
[2.228s] Level 1:colcon.colcon_core.environment:checking '/home/rslam/Desktop/Indoor_Mobile_Robotic_Arm/install/ros1_bridge/lib/pkgconfig/ros1_bridge.pc'
[2.229s] Level 1:colcon.colcon_core.environment:checking '/home/rslam/Desktop/Indoor_Mobile_Robotic_Arm/install/ros1_bridge/lib/python3.8/site-packages'
[2.229s] Level 1:colcon.colcon_core.environment:checking '/home/rslam/Desktop/Indoor_Mobile_Robotic_Arm/install/ros1_bridge/bin'
[2.232s] INFO:colcon.colcon_core.shell:Creating package script '/home/rslam/Desktop/Indoor_Mobile_Robotic_Arm/install/ros1_bridge/share/ros1_bridge/package.ps1'
[2.233s] INFO:colcon.colcon_core.shell:Creating package descriptor '/home/rslam/Desktop/Indoor_Mobile_Robotic_Arm/install/ros1_bridge/share/ros1_bridge/package.dsv'
[2.234s] INFO:colcon.colcon_core.shell:Creating package script '/home/rslam/Desktop/Indoor_Mobile_Robotic_Arm/install/ros1_bridge/share/ros1_bridge/package.sh'
[2.235s] INFO:colcon.colcon_core.shell:Creating package script '/home/rslam/Desktop/Indoor_Mobile_Robotic_Arm/install/ros1_bridge/share/ros1_bridge/package.bash'
[2.236s] INFO:colcon.colcon_core.shell:Creating package script '/home/rslam/Desktop/Indoor_Mobile_Robotic_Arm/install/ros1_bridge/share/ros1_bridge/package.zsh'
[2.236s] Level 1:colcon.colcon_core.environment:create_file_with_runtime_dependencies(/home/rslam/Desktop/Indoor_Mobile_Robotic_Arm/install/ros1_bridge/share/colcon-core/packages/ros1_bridge)
[3.023s] DEBUG:colcon.colcon_core.event_handler.log_command:Invoking command in '/home/rslam/Desktop/Indoor_Mobile_Robotic_Arm/src/rsl_scu': PYTHONPATH=/home/rslam/Desktop/Indoor_Mobile_Robotic_Arm/build/rsl_scu/prefix_override:/home/rslam/Desktop/Indoor_Mobile_Robotic_Arm/install/rsl_scu/lib/python3.8/site-packages:${PYTHONPATH} /usr/bin/python3 setup.py egg_info --egg-base ../../build/rsl_scu build --build-base /home/rslam/Desktop/Indoor_Mobile_Robotic_Arm/build/rsl_scu/build install --record /home/rslam/Desktop/Indoor_Mobile_Robotic_Arm/build/rsl_scu/install.log --install-scripts $base/lib/rsl_scu --single-version-externally-managed
[3.037s] DEBUG:colcon.colcon_core.event_handler.log_command:Invoking command in '/home/rslam/Desktop/Indoor_Mobile_Robotic_Arm/src/locomotion_core': PYTHONPATH=/home/rslam/Desktop/Indoor_Mobile_Robotic_Arm/build/locomotion_core/prefix_override:/home/rslam/Desktop/Indoor_Mobile_Robotic_Arm/install/locomotion_core/lib/python3.8/site-packages:${PYTHONPATH} /usr/bin/python3 setup.py egg_info --egg-base ../../build/locomotion_core build --build-base /home/rslam/Desktop/Indoor_Mobile_Robotic_Arm/build/locomotion_core/build install --record /home/rslam/Desktop/Indoor_Mobile_Robotic_Arm/build/locomotion_core/install.log --single-version-externally-managed
[3.711s] Level 1:colcon.colcon_core.environment:checking '/home/rslam/Desktop/Indoor_Mobile_Robotic_Arm/install/rsl_scu' for CMake module files
[3.713s] DEBUG:colcon.colcon_core.event_handler.log_command:Invoked command in '/home/rslam/Desktop/Indoor_Mobile_Robotic_Arm/src/rsl_scu' returned '0': PYTHONPATH=/home/rslam/Desktop/Indoor_Mobile_Robotic_Arm/build/rsl_scu/prefix_override:/home/rslam/Desktop/Indoor_Mobile_Robotic_Arm/install/rsl_scu/lib/python3.8/site-packages:${PYTHONPATH} /usr/bin/python3 setup.py egg_info --egg-base ../../build/rsl_scu build --build-base /home/rslam/Desktop/Indoor_Mobile_Robotic_Arm/build/rsl_scu/build install --record /home/rslam/Desktop/Indoor_Mobile_Robotic_Arm/build/rsl_scu/install.log --install-scripts $base/lib/rsl_scu --single-version-externally-managed
[3.715s] Level 1:colcon.colcon_core.environment:checking '/home/rslam/Desktop/Indoor_Mobile_Robotic_Arm/install/rsl_scu' for CMake config files
[3.717s] Level 1:colcon.colcon_core.environment:checking '/home/rslam/Desktop/Indoor_Mobile_Robotic_Arm/install/rsl_scu/lib'
[3.719s] Level 1:colcon.colcon_core.environment:checking '/home/rslam/Desktop/Indoor_Mobile_Robotic_Arm/install/rsl_scu/bin'
[3.719s] Level 1:colcon.colcon_core.environment:checking '/home/rslam/Desktop/Indoor_Mobile_Robotic_Arm/install/rsl_scu/lib/pkgconfig/rsl_scu.pc'
[3.720s] Level 1:colcon.colcon_core.environment:checking '/home/rslam/Desktop/Indoor_Mobile_Robotic_Arm/install/rsl_scu/lib/python3.8/site-packages'
[3.720s] Level 1:colcon.colcon_core.shell:create_environment_hook('rsl_scu', 'pythonpath')
[3.725s] INFO:colcon.colcon_core.shell:Creating environment hook '/home/rslam/Desktop/Indoor_Mobile_Robotic_Arm/install/rsl_scu/share/rsl_scu/hook/pythonpath.ps1'
[3.727s] INFO:colcon.colcon_core.shell:Creating environment descriptor '/home/rslam/Desktop/Indoor_Mobile_Robotic_Arm/install/rsl_scu/share/rsl_scu/hook/pythonpath.dsv'
[3.728s] INFO:colcon.colcon_core.shell:Creating environment hook '/home/rslam/Desktop/Indoor_Mobile_Robotic_Arm/install/rsl_scu/share/rsl_scu/hook/pythonpath.sh'
[3.733s] Level 1:colcon.colcon_core.environment:checking '/home/rslam/Desktop/Indoor_Mobile_Robotic_Arm/install/rsl_scu/bin'
[3.733s] Level 1:colcon.colcon_core.environment:create_environment_scripts_only(rsl_scu)
[3.737s] INFO:colcon.colcon_core.shell:Creating package script '/home/rslam/Desktop/Indoor_Mobile_Robotic_Arm/install/rsl_scu/share/rsl_scu/package.ps1'
[3.739s] INFO:colcon.colcon_core.shell:Creating package descriptor '/home/rslam/Desktop/Indoor_Mobile_Robotic_Arm/install/rsl_scu/share/rsl_scu/package.dsv'
[3.740s] INFO:colcon.colcon_core.shell:Creating package script '/home/rslam/Desktop/Indoor_Mobile_Robotic_Arm/install/rsl_scu/share/rsl_scu/package.sh'
[3.741s] INFO:colcon.colcon_core.shell:Creating package script '/home/rslam/Desktop/Indoor_Mobile_Robotic_Arm/install/rsl_scu/share/rsl_scu/package.bash'
[3.742s] INFO:colcon.colcon_core.shell:Creating package script '/home/rslam/Desktop/Indoor_Mobile_Robotic_Arm/install/rsl_scu/share/rsl_scu/package.zsh'
[3.743s] Level 1:colcon.colcon_core.environment:create_file_with_runtime_dependencies(/home/rslam/Desktop/Indoor_Mobile_Robotic_Arm/install/rsl_scu/share/colcon-core/packages/rsl_scu)
[3.750s] Level 1:colcon.colcon_core.environment:checking '/home/rslam/Desktop/Indoor_Mobile_Robotic_Arm/install/locomotion_core' for CMake module files
[3.752s] DEBUG:colcon.colcon_core.event_handler.log_command:Invoked command in '/home/rslam/Desktop/Indoor_Mobile_Robotic_Arm/src/locomotion_core' returned '0': PYTHONPATH=/home/rslam/Desktop/Indoor_Mobile_Robotic_Arm/build/locomotion_core/prefix_override:/home/rslam/Desktop/Indoor_Mobile_Robotic_Arm/install/locomotion_core/lib/python3.8/site-packages:${PYTHONPATH} /usr/bin/python3 setup.py egg_info --egg-base ../../build/locomotion_core build --build-base /home/rslam/Desktop/Indoor_Mobile_Robotic_Arm/build/locomotion_core/build install --record /home/rslam/Desktop/Indoor_Mobile_Robotic_Arm/build/locomotion_core/install.log --single-version-externally-managed
[3.752s] Level 1:colcon.colcon_core.environment:checking '/home/rslam/Desktop/Indoor_Mobile_Robotic_Arm/install/locomotion_core' for CMake config files
[3.754s] Level 1:colcon.colcon_core.environment:checking '/home/rslam/Desktop/Indoor_Mobile_Robotic_Arm/install/locomotion_core/lib'
[3.754s] Level 1:colcon.colcon_core.environment:checking '/home/rslam/Desktop/Indoor_Mobile_Robotic_Arm/install/locomotion_core/bin'
[3.754s] Level 1:colcon.colcon_core.environment:checking '/home/rslam/Desktop/Indoor_Mobile_Robotic_Arm/install/locomotion_core/lib/pkgconfig/locomotion_core.pc'
[3.754s] Level 1:colcon.colcon_core.environment:checking '/home/rslam/Desktop/Indoor_Mobile_Robotic_Arm/install/locomotion_core/lib/python3.8/site-packages'
[3.754s] Level 1:colcon.colcon_core.shell:create_environment_hook('locomotion_core', 'pythonpath')
[3.757s] INFO:colcon.colcon_core.shell:Creating environment hook '/home/rslam/Desktop/Indoor_Mobile_Robotic_Arm/install/locomotion_core/share/locomotion_core/hook/pythonpath.ps1'
[3.758s] INFO:colcon.colcon_core.shell:Creating environment descriptor '/home/rslam/Desktop/Indoor_Mobile_Robotic_Arm/install/locomotion_core/share/locomotion_core/hook/pythonpath.dsv'
[3.759s] INFO:colcon.colcon_core.shell:Creating environment hook '/home/rslam/Desktop/Indoor_Mobile_Robotic_Arm/install/locomotion_core/share/locomotion_core/hook/pythonpath.sh'
[3.760s] Level 1:colcon.colcon_core.environment:checking '/home/rslam/Desktop/Indoor_Mobile_Robotic_Arm/install/locomotion_core/bin'
[3.760s] Level 1:colcon.colcon_core.environment:create_environment_scripts_only(locomotion_core)
[3.763s] INFO:colcon.colcon_core.shell:Creating package script '/home/rslam/Desktop/Indoor_Mobile_Robotic_Arm/install/locomotion_core/share/locomotion_core/package.ps1'
[3.764s] INFO:colcon.colcon_core.shell:Creating package descriptor '/home/rslam/Desktop/Indoor_Mobile_Robotic_Arm/install/locomotion_core/share/locomotion_core/package.dsv'
[3.765s] INFO:colcon.colcon_core.shell:Creating package script '/home/rslam/Desktop/Indoor_Mobile_Robotic_Arm/install/locomotion_core/share/locomotion_core/package.sh'
[3.766s] INFO:colcon.colcon_core.shell:Creating package script '/home/rslam/Desktop/Indoor_Mobile_Robotic_Arm/install/locomotion_core/share/locomotion_core/package.bash'
[3.766s] INFO:colcon.colcon_core.shell:Creating package script '/home/rslam/Desktop/Indoor_Mobile_Robotic_Arm/install/locomotion_core/share/locomotion_core/package.zsh'
[3.767s] Level 1:colcon.colcon_core.environment:create_file_with_runtime_dependencies(/home/rslam/Desktop/Indoor_Mobile_Robotic_Arm/install/locomotion_core/share/colcon-core/packages/locomotion_core)
[3.768s] DEBUG:colcon.colcon_parallel_executor.executor.parallel:closing loop
[3.769s] DEBUG:colcon.colcon_parallel_executor.executor.parallel:loop closed
[3.769s] DEBUG:colcon.colcon_parallel_executor.executor.parallel:run_until_complete finished with '0'
[3.769s] DEBUG:colcon.colcon_core.event_reactor:joining thread
[3.791s] INFO:colcon.colcon_core.plugin_system:Skipping extension 'colcon_notification.desktop_notification.terminal_notifier': Not used on non-Darwin systems
[3.791s] INFO:colcon.colcon_core.plugin_system:Skipping extension 'colcon_notification.desktop_notification.win32': Not used on non-Windows systems
[3.791s] INFO:colcon.colcon_notification.desktop_notification:Sending desktop notification using 'notify2'
[3.842s] DEBUG:colcon.colcon_core.event_reactor:joined thread
[3.846s] INFO:colcon.colcon_core.shell:Creating prefix script '/home/rslam/Desktop/Indoor_Mobile_Robotic_Arm/install/local_setup.ps1'
[3.851s] INFO:colcon.colcon_core.shell:Creating prefix util module '/home/rslam/Desktop/Indoor_Mobile_Robotic_Arm/install/_local_setup_util_ps1.py'
[3.854s] INFO:colcon.colcon_core.shell:Creating prefix chain script '/home/rslam/Desktop/Indoor_Mobile_Robotic_Arm/install/setup.ps1'
[3.858s] INFO:colcon.colcon_core.shell:Creating prefix script '/home/rslam/Desktop/Indoor_Mobile_Robotic_Arm/install/local_setup.sh'
[3.859s] INFO:colcon.colcon_core.shell:Creating prefix util module '/home/rslam/Desktop/Indoor_Mobile_Robotic_Arm/install/_local_setup_util_sh.py'
[3.860s] INFO:colcon.colcon_core.shell:Creating prefix chain script '/home/rslam/Desktop/Indoor_Mobile_Robotic_Arm/install/setup.sh'
[3.863s] INFO:colcon.colcon_core.shell:Creating prefix script '/home/rslam/Desktop/Indoor_Mobile_Robotic_Arm/install/local_setup.bash'
[3.864s] INFO:colcon.colcon_core.shell:Creating prefix chain script '/home/rslam/Desktop/Indoor_Mobile_Robotic_Arm/install/setup.bash'
[3.866s] INFO:colcon.colcon_core.shell:Creating prefix script '/home/rslam/Desktop/Indoor_Mobile_Robotic_Arm/install/local_setup.zsh'
[3.867s] INFO:colcon.colcon_core.shell:Creating prefix chain script '/home/rslam/Desktop/Indoor_Mobile_Robotic_Arm/install/setup.zsh'
