/home/rslam/Desktop/Indoor_Mobile_Robotic_Arm/install/locomotion_core/lib/python3.8/site-packages/locomotion_core/RoverDescription.py
/home/rslam/Desktop/Indoor_Mobile_Robotic_Arm/install/locomotion_core/lib/python3.8/site-packages/locomotion_core/RobotDefinition.py
/home/rslam/Desktop/Indoor_Mobile_Robotic_Arm/install/locomotion_core/lib/python3.8/site-packages/locomotion_core/__init__.py
/home/rslam/Desktop/Indoor_Mobile_Robotic_Arm/install/locomotion_core/lib/python3.8/site-packages/locomotion_core/rover_state_controller.py
/home/rslam/Desktop/Indoor_Mobile_Robotic_Arm/install/locomotion_core/lib/python3.8/site-packages/locomotion_core/cmd_roboteq.py
/home/rslam/Desktop/Indoor_Mobile_Robotic_Arm/install/locomotion_core/lib/python3.8/site-packages/locomotion_core/driver_node.py
/home/rslam/Desktop/Indoor_Mobile_Robotic_Arm/install/locomotion_core/lib/python3.8/site-packages/locomotion_core/cmd_roboteq_test.py
/home/rslam/Desktop/Indoor_Mobile_Robotic_Arm/install/locomotion_core/lib/python3.8/site-packages/locomotion_core/__pycache__/RoverDescription.cpython-38.pyc
/home/rslam/Desktop/Indoor_Mobile_Robotic_Arm/install/locomotion_core/lib/python3.8/site-packages/locomotion_core/__pycache__/RobotDefinition.cpython-38.pyc
/home/rslam/Desktop/Indoor_Mobile_Robotic_Arm/install/locomotion_core/lib/python3.8/site-packages/locomotion_core/__pycache__/__init__.cpython-38.pyc
/home/rslam/Desktop/Indoor_Mobile_Robotic_Arm/install/locomotion_core/lib/python3.8/site-packages/locomotion_core/__pycache__/rover_state_controller.cpython-38.pyc
/home/rslam/Desktop/Indoor_Mobile_Robotic_Arm/install/locomotion_core/lib/python3.8/site-packages/locomotion_core/__pycache__/cmd_roboteq.cpython-38.pyc
/home/rslam/Desktop/Indoor_Mobile_Robotic_Arm/install/locomotion_core/lib/python3.8/site-packages/locomotion_core/__pycache__/driver_node.cpython-38.pyc
/home/rslam/Desktop/Indoor_Mobile_Robotic_Arm/install/locomotion_core/lib/python3.8/site-packages/locomotion_core/__pycache__/cmd_roboteq_test.cpython-38.pyc
/home/rslam/Desktop/Indoor_Mobile_Robotic_Arm/install/locomotion_core/share/ament_index/resource_index/packages/locomotion_core
/home/rslam/Desktop/Indoor_Mobile_Robotic_Arm/install/locomotion_core/share/locomotion_core/package.xml
/home/rslam/Desktop/Indoor_Mobile_Robotic_Arm/install/locomotion_core/lib/python3.8/site-packages/locomotion_core-0.0.0-py3.8.egg-info/zip-safe
/home/rslam/Desktop/Indoor_Mobile_Robotic_Arm/install/locomotion_core/lib/python3.8/site-packages/locomotion_core-0.0.0-py3.8.egg-info/SOURCES.txt
/home/rslam/Desktop/Indoor_Mobile_Robotic_Arm/install/locomotion_core/lib/python3.8/site-packages/locomotion_core-0.0.0-py3.8.egg-info/requires.txt
/home/rslam/Desktop/Indoor_Mobile_Robotic_Arm/install/locomotion_core/lib/python3.8/site-packages/locomotion_core-0.0.0-py3.8.egg-info/PKG-INFO
/home/rslam/Desktop/Indoor_Mobile_Robotic_Arm/install/locomotion_core/lib/python3.8/site-packages/locomotion_core-0.0.0-py3.8.egg-info/entry_points.txt
/home/rslam/Desktop/Indoor_Mobile_Robotic_Arm/install/locomotion_core/lib/python3.8/site-packages/locomotion_core-0.0.0-py3.8.egg-info/top_level.txt
/home/rslam/Desktop/Indoor_Mobile_Robotic_Arm/install/locomotion_core/lib/python3.8/site-packages/locomotion_core-0.0.0-py3.8.egg-info/dependency_links.txt
/home/rslam/Desktop/Indoor_Mobile_Robotic_Arm/install/locomotion_core/lib/locomotion_core/cmd_roboteq
/home/rslam/Desktop/Indoor_Mobile_Robotic_Arm/install/locomotion_core/lib/locomotion_core/drive_selector
/home/rslam/Desktop/Indoor_Mobile_Robotic_Arm/install/locomotion_core/lib/locomotion_core/movebase_core
/home/rslam/Desktop/Indoor_Mobile_Robotic_Arm/install/locomotion_core/lib/locomotion_core/rover_state_controller
