[2.746s] Invoking command in '/home/rslam/Desktop/Indoor_Mobile_Robotic_Arm/src/locomotion_core': PYTHONPATH=/home/rslam/Desktop/Indoor_Mobile_Robotic_Arm/build/locomotion_core/prefix_override:/home/rslam/Desktop/Indoor_Mobile_Robotic_Arm/install/locomotion_core/lib/python3.8/site-packages:${PYTHONPATH} /usr/bin/python3 setup.py egg_info --egg-base ../../build/locomotion_core build --build-base /home/rslam/Desktop/Indoor_Mobile_Robotic_Arm/build/locomotion_core/build install --record /home/rslam/Desktop/Indoor_Mobile_Robotic_Arm/build/locomotion_core/install.log --single-version-externally-managed
[3.204s] running egg_info
[3.205s] writing ../../build/locomotion_core/locomotion_core.egg-info/PKG-INFO
[3.206s] writing dependency_links to ../../build/locomotion_core/locomotion_core.egg-info/dependency_links.txt
[3.206s] writing entry points to ../../build/locomotion_core/locomotion_core.egg-info/entry_points.txt
[3.206s] writing requirements to ../../build/locomotion_core/locomotion_core.egg-info/requires.txt
[3.206s] writing top-level names to ../../build/locomotion_core/locomotion_core.egg-info/top_level.txt
[3.274s] reading manifest file '../../build/locomotion_core/locomotion_core.egg-info/SOURCES.txt'
[3.276s] writing manifest file '../../build/locomotion_core/locomotion_core.egg-info/SOURCES.txt'
[3.276s] running build
[3.276s] running build_py
[3.277s] running install
[3.280s] running install_lib
[3.284s] running install_data
[3.284s] running install_egg_info
[3.289s] removing '/home/rslam/Desktop/Indoor_Mobile_Robotic_Arm/install/locomotion_core/lib/python3.8/site-packages/locomotion_core-0.0.0-py3.8.egg-info' (and everything under it)
[3.289s] Copying ../../build/locomotion_core/locomotion_core.egg-info to /home/rslam/Desktop/Indoor_Mobile_Robotic_Arm/install/locomotion_core/lib/python3.8/site-packages/locomotion_core-0.0.0-py3.8.egg-info
[3.292s] running install_scripts
[3.335s] Installing cmd_roboteq script to /home/rslam/Desktop/Indoor_Mobile_Robotic_Arm/install/locomotion_core/lib/locomotion_core
[3.335s] Installing drive_selector script to /home/rslam/Desktop/Indoor_Mobile_Robotic_Arm/install/locomotion_core/lib/locomotion_core
[3.336s] Installing movebase_core script to /home/rslam/Desktop/Indoor_Mobile_Robotic_Arm/install/locomotion_core/lib/locomotion_core
[3.336s] Installing rover_state_controller script to /home/rslam/Desktop/Indoor_Mobile_Robotic_Arm/install/locomotion_core/lib/locomotion_core
[3.337s] writing list of installed files to '/home/rslam/Desktop/Indoor_Mobile_Robotic_Arm/build/locomotion_core/install.log'
[3.439s] Invoked command in '/home/rslam/Desktop/Indoor_Mobile_Robotic_Arm/src/locomotion_core' returned '0': PYTHONPATH=/home/rslam/Desktop/Indoor_Mobile_Robotic_Arm/build/locomotion_core/prefix_override:/home/rslam/Desktop/Indoor_Mobile_Robotic_Arm/install/locomotion_core/lib/python3.8/site-packages:${PYTHONPATH} /usr/bin/python3 setup.py egg_info --egg-base ../../build/locomotion_core build --build-base /home/rslam/Desktop/Indoor_Mobile_Robotic_Arm/build/locomotion_core/build install --record /home/rslam/Desktop/Indoor_Mobile_Robotic_Arm/build/locomotion_core/install.log --single-version-externally-managed
