[2.645s] Invoking command in '/home/rslam/Desktop/Indoor_Mobile_Robotic_Arm/src/rsl_scu': PYTHONPATH=/home/rslam/Desktop/Indoor_Mobile_Robotic_Arm/build/rsl_scu/prefix_override:/home/rslam/Desktop/Indoor_Mobile_Robotic_Arm/install/rsl_scu/lib/python3.8/site-packages:${PYTHONPATH} /usr/bin/python3 setup.py egg_info --egg-base ../../build/rsl_scu build --build-base /home/rslam/Desktop/Indoor_Mobile_Robotic_Arm/build/rsl_scu/build install --record /home/rslam/Desktop/Indoor_Mobile_Robotic_Arm/build/rsl_scu/install.log --install-scripts $base/lib/rsl_scu --single-version-externally-managed
[3.093s] running egg_info
[3.094s] creating ../../build/rsl_scu/rsl_scu.egg-info
[3.094s] writing ../../build/rsl_scu/rsl_scu.egg-info/PKG-INFO
[3.095s] writing dependency_links to ../../build/rsl_scu/rsl_scu.egg-info/dependency_links.txt
[3.095s] writing entry points to ../../build/rsl_scu/rsl_scu.egg-info/entry_points.txt
[3.095s] writing requirements to ../../build/rsl_scu/rsl_scu.egg-info/requires.txt
[3.095s] writing top-level names to ../../build/rsl_scu/rsl_scu.egg-info/top_level.txt
[3.244s] writing manifest file '../../build/rsl_scu/rsl_scu.egg-info/SOURCES.txt'
[3.311s] reading manifest file '../../build/rsl_scu/rsl_scu.egg-info/SOURCES.txt'
[3.312s] writing manifest file '../../build/rsl_scu/rsl_scu.egg-info/SOURCES.txt'
[3.313s] running build
[3.320s] running build_py
[3.322s] creating /home/rslam/Desktop/Indoor_Mobile_Robotic_Arm/build/rsl_scu/build
[3.322s] creating /home/rslam/Desktop/Indoor_Mobile_Robotic_Arm/build/rsl_scu/build/lib
[3.323s] creating /home/rslam/Desktop/Indoor_Mobile_Robotic_Arm/build/rsl_scu/build/lib/rsl_scu
[3.324s] copying rsl_scu/__init__.py -> /home/rslam/Desktop/Indoor_Mobile_Robotic_Arm/build/rsl_scu/build/lib/rsl_scu
[3.324s] copying rsl_scu/custom_joy.py -> /home/rslam/Desktop/Indoor_Mobile_Robotic_Arm/build/rsl_scu/build/lib/rsl_scu
[3.324s] running install
[3.325s] running install_lib
[3.325s] creating /home/rslam/Desktop/Indoor_Mobile_Robotic_Arm/install/rsl_scu/lib/python3.8/site-packages/rsl_scu
[3.325s] copying /home/rslam/Desktop/Indoor_Mobile_Robotic_Arm/build/rsl_scu/build/lib/rsl_scu/__init__.py -> /home/rslam/Desktop/Indoor_Mobile_Robotic_Arm/install/rsl_scu/lib/python3.8/site-packages/rsl_scu
[3.326s] copying /home/rslam/Desktop/Indoor_Mobile_Robotic_Arm/build/rsl_scu/build/lib/rsl_scu/custom_joy.py -> /home/rslam/Desktop/Indoor_Mobile_Robotic_Arm/install/rsl_scu/lib/python3.8/site-packages/rsl_scu
[3.327s] byte-compiling /home/rslam/Desktop/Indoor_Mobile_Robotic_Arm/install/rsl_scu/lib/python3.8/site-packages/rsl_scu/__init__.py to __init__.cpython-38.pyc
[3.329s] byte-compiling /home/rslam/Desktop/Indoor_Mobile_Robotic_Arm/install/rsl_scu/lib/python3.8/site-packages/rsl_scu/custom_joy.py to custom_joy.cpython-38.pyc
[3.330s] running install_data
[3.331s] creating /home/rslam/Desktop/Indoor_Mobile_Robotic_Arm/install/rsl_scu/share/ament_index
[3.331s] creating /home/rslam/Desktop/Indoor_Mobile_Robotic_Arm/install/rsl_scu/share/ament_index/resource_index
[3.331s] creating /home/rslam/Desktop/Indoor_Mobile_Robotic_Arm/install/rsl_scu/share/ament_index/resource_index/packages
[3.331s] copying resource/rsl_scu -> /home/rslam/Desktop/Indoor_Mobile_Robotic_Arm/install/rsl_scu/share/ament_index/resource_index/packages
[3.332s] copying package.xml -> /home/rslam/Desktop/Indoor_Mobile_Robotic_Arm/install/rsl_scu/share/rsl_scu
[3.332s] running install_egg_info
[3.332s] Copying ../../build/rsl_scu/rsl_scu.egg-info to /home/rslam/Desktop/Indoor_Mobile_Robotic_Arm/install/rsl_scu/lib/python3.8/site-packages/rsl_scu-0.0.0-py3.8.egg-info
[3.396s] running install_scripts
[3.444s] Installing rsl_joy script to /home/rslam/Desktop/Indoor_Mobile_Robotic_Arm/install/rsl_scu/lib/rsl_scu
[3.445s] writing list of installed files to '/home/rslam/Desktop/Indoor_Mobile_Robotic_Arm/build/rsl_scu/install.log'
[3.639s] Invoked command in '/home/rslam/Desktop/Indoor_Mobile_Robotic_Arm/src/rsl_scu' returned '0': PYTHONPATH=/home/rslam/Desktop/Indoor_Mobile_Robotic_Arm/build/rsl_scu/prefix_override:/home/rslam/Desktop/Indoor_Mobile_Robotic_Arm/install/rsl_scu/lib/python3.8/site-packages:${PYTHONPATH} /usr/bin/python3 setup.py egg_info --egg-base ../../build/rsl_scu build --build-base /home/rslam/Desktop/Indoor_Mobile_Robotic_Arm/build/rsl_scu/build install --record /home/rslam/Desktop/Indoor_Mobile_Robotic_Arm/build/rsl_scu/install.log --install-scripts $base/lib/rsl_scu --single-version-externally-managed
