[2.635s] Invoking command in '/home/rslam/Desktop/Indoor_Mobile_Robotic_Arm/src/rsl_scu': PYTHONPATH=/home/rslam/Desktop/Indoor_Mobile_Robotic_Arm/build/rsl_scu/prefix_override:/home/rslam/Desktop/Indoor_Mobile_Robotic_Arm/install/rsl_scu/lib/python3.8/site-packages:${PYTHONPATH} /usr/bin/python3 setup.py egg_info --egg-base ../../build/rsl_scu build --build-base /home/rslam/Desktop/Indoor_Mobile_Robotic_Arm/build/rsl_scu/build install --record /home/rslam/Desktop/Indoor_Mobile_Robotic_Arm/build/rsl_scu/install.log --install-scripts $base/lib/rsl_scu --single-version-externally-managed
[3.076s] running egg_info
[3.077s] writing ../../build/rsl_scu/rsl_scu.egg-info/PKG-INFO
[3.078s] writing dependency_links to ../../build/rsl_scu/rsl_scu.egg-info/dependency_links.txt
[3.079s] writing entry points to ../../build/rsl_scu/rsl_scu.egg-info/entry_points.txt
[3.079s] writing requirements to ../../build/rsl_scu/rsl_scu.egg-info/requires.txt
[3.079s] writing top-level names to ../../build/rsl_scu/rsl_scu.egg-info/top_level.txt
[3.158s] reading manifest file '../../build/rsl_scu/rsl_scu.egg-info/SOURCES.txt'
[3.160s] writing manifest file '../../build/rsl_scu/rsl_scu.egg-info/SOURCES.txt'
[3.160s] running build
[3.160s] running build_py
[3.161s] running install
[3.163s] running install_lib
[3.167s] running install_data
[3.168s] running install_egg_info
[3.172s] removing '/home/rslam/Desktop/Indoor_Mobile_Robotic_Arm/install/rsl_scu/lib/python3.8/site-packages/rsl_scu-0.0.0-py3.8.egg-info' (and everything under it)
[3.173s] Copying ../../build/rsl_scu/rsl_scu.egg-info to /home/rslam/Desktop/Indoor_Mobile_Robotic_Arm/install/rsl_scu/lib/python3.8/site-packages/rsl_scu-0.0.0-py3.8.egg-info
[3.176s] running install_scripts
[3.219s] Installing rsl_joy script to /home/rslam/Desktop/Indoor_Mobile_Robotic_Arm/install/rsl_scu/lib/rsl_scu
[3.220s] writing list of installed files to '/home/rslam/Desktop/Indoor_Mobile_Robotic_Arm/build/rsl_scu/install.log'
[3.329s] Invoked command in '/home/rslam/Desktop/Indoor_Mobile_Robotic_Arm/src/rsl_scu' returned '0': PYTHONPATH=/home/rslam/Desktop/Indoor_Mobile_Robotic_Arm/build/rsl_scu/prefix_override:/home/rslam/Desktop/Indoor_Mobile_Robotic_Arm/install/rsl_scu/lib/python3.8/site-packages:${PYTHONPATH} /usr/bin/python3 setup.py egg_info --egg-base ../../build/rsl_scu build --build-base /home/rslam/Desktop/Indoor_Mobile_Robotic_Arm/build/rsl_scu/build install --record /home/rslam/Desktop/Indoor_Mobile_Robotic_Arm/build/rsl_scu/install.log --install-scripts $base/lib/rsl_scu --single-version-externally-managed
