[1.165s] DEBUG:colcon:Command line arguments: ['/usr/bin/colcon', 'build']
[1.165s] DEBUG:colcon:Parsed command line arguments: Namespace(allow_overriding=[], ament_cmake_args=None, base_paths=['.'], build_base='build', catkin_cmake_args=None, catkin_skip_building_tests=False, cmake_args=None, cmake_clean_cache=False, cmake_clean_first=False, cmake_force_configure=False, cmake_target=None, cmake_target_skip_unavailable=False, continue_on_error=False, event_handlers=None, executor='parallel', ignore_user_meta=False, install_base='install', log_base=None, log_level=None, main=<bound method BuildVerb.main of <colcon_core.verb.build.BuildVerb object at 0xffff8bdb4190>>, merge_install=False, metas=['./colcon.meta'], packages_above=None, packages_above_and_dependencies=None, packages_above_depth=None, packages_end=None, packages_ignore=None, packages_ignore_regex=None, packages_select=None, packages_select_build_failed=False, packages_select_by_dep=None, packages_select_regex=None, packages_select_test_failures=False, packages_skip=None, packages_skip_build_finished=False, packages_skip_by_dep=None, packages_skip_regex=None, packages_skip_test_passed=False, packages_skip_up_to=None, packages_start=None, packages_up_to=None, packages_up_to_regex=None, parallel_workers=6, paths=None, symlink_install=False, test_result_base=None, verb_extension=<colcon_core.verb.build.BuildVerb object at 0xffff8bdb4190>, verb_name='build', verb_parser=<colcon_defaults.argument_parser.defaults.DefaultArgumentsDecorator object at 0xffff8bdb46d0>)
[1.223s] Level 1:colcon.colcon_core.package_discovery:discover_packages(colcon_meta) check parameters
[1.223s] Level 1:colcon.colcon_core.package_discovery:discover_packages(recursive) check parameters
[1.223s] Level 1:colcon.colcon_core.package_discovery:discover_packages(ignore) check parameters
[1.224s] Level 1:colcon.colcon_core.package_discovery:discover_packages(path) check parameters
[1.224s] Level 1:colcon.colcon_core.package_discovery:discover_packages(colcon_meta) discover
[1.224s] Level 1:colcon.colcon_core.package_discovery:discover_packages(recursive) discover
[1.224s] INFO:colcon.colcon_core.package_discovery:Crawling recursively for packages in '/home/rslam/Desktop/Indoor_Mobile_Robotic_Arm'
[1.224s] Level 1:colcon.colcon_core.package_identification:_identify(.) by extensions ['ignore', 'ignore_ament_install']
[1.225s] Level 1:colcon.colcon_core.package_identification:_identify(.) by extension 'ignore'
[1.225s] Level 1:colcon.colcon_core.package_identification:_identify(.) by extension 'ignore_ament_install'
[1.225s] Level 1:colcon.colcon_core.package_identification:_identify(.) by extensions ['colcon_pkg']
[1.225s] Level 1:colcon.colcon_core.package_identification:_identify(.) by extension 'colcon_pkg'
[1.225s] Level 1:colcon.colcon_core.package_identification:_identify(.) by extensions ['colcon_meta']
[1.225s] Level 1:colcon.colcon_core.package_identification:_identify(.) by extension 'colcon_meta'
[1.225s] Level 1:colcon.colcon_core.package_identification:_identify(.) by extensions ['ros']
[1.225s] Level 1:colcon.colcon_core.package_identification:_identify(.) by extension 'ros'
[1.289s] Level 1:colcon.colcon_core.package_identification:_identify(.) by extensions ['cmake', 'python']
[1.289s] Level 1:colcon.colcon_core.package_identification:_identify(.) by extension 'cmake'
[1.290s] Level 1:colcon.colcon_core.package_identification:_identify(.) by extension 'python'
[1.290s] Level 1:colcon.colcon_core.package_identification:_identify(.) by extensions ['python_setup_py']
[1.290s] Level 1:colcon.colcon_core.package_identification:_identify(.) by extension 'python_setup_py'
[1.290s] Level 1:colcon.colcon_core.package_identification:_identify(build) by extensions ['ignore', 'ignore_ament_install']
[1.290s] Level 1:colcon.colcon_core.package_identification:_identify(build) by extension 'ignore'
[1.291s] Level 1:colcon.colcon_core.package_identification:_identify(build) ignored
[1.291s] Level 1:colcon.colcon_core.package_identification:_identify(install) by extensions ['ignore', 'ignore_ament_install']
[1.291s] Level 1:colcon.colcon_core.package_identification:_identify(install) by extension 'ignore'
[1.291s] Level 1:colcon.colcon_core.package_identification:_identify(install) ignored
[1.292s] Level 1:colcon.colcon_core.package_identification:_identify(log) by extensions ['ignore', 'ignore_ament_install']
[1.292s] Level 1:colcon.colcon_core.package_identification:_identify(log) by extension 'ignore'
[1.292s] Level 1:colcon.colcon_core.package_identification:_identify(log) ignored
[1.292s] Level 1:colcon.colcon_core.package_identification:_identify(src) by extensions ['ignore', 'ignore_ament_install']
[1.292s] Level 1:colcon.colcon_core.package_identification:_identify(src) by extension 'ignore'
[1.292s] Level 1:colcon.colcon_core.package_identification:_identify(src) by extension 'ignore_ament_install'
[1.292s] Level 1:colcon.colcon_core.package_identification:_identify(src) by extensions ['colcon_pkg']
[1.293s] Level 1:colcon.colcon_core.package_identification:_identify(src) by extension 'colcon_pkg'
[1.293s] Level 1:colcon.colcon_core.package_identification:_identify(src) by extensions ['colcon_meta']
[1.293s] Level 1:colcon.colcon_core.package_identification:_identify(src) by extension 'colcon_meta'
[1.293s] Level 1:colcon.colcon_core.package_identification:_identify(src) by extensions ['ros']
[1.293s] Level 1:colcon.colcon_core.package_identification:_identify(src) by extension 'ros'
[1.293s] Level 1:colcon.colcon_core.package_identification:_identify(src) by extensions ['cmake', 'python']
[1.293s] Level 1:colcon.colcon_core.package_identification:_identify(src) by extension 'cmake'
[1.293s] Level 1:colcon.colcon_core.package_identification:_identify(src) by extension 'python'
[1.293s] Level 1:colcon.colcon_core.package_identification:_identify(src) by extensions ['python_setup_py']
[1.293s] Level 1:colcon.colcon_core.package_identification:_identify(src) by extension 'python_setup_py'
[1.294s] Level 1:colcon.colcon_core.package_identification:_identify(src/locomotion_core) by extensions ['ignore', 'ignore_ament_install']
[1.294s] Level 1:colcon.colcon_core.package_identification:_identify(src/locomotion_core) by extension 'ignore'
[1.294s] Level 1:colcon.colcon_core.package_identification:_identify(src/locomotion_core) by extension 'ignore_ament_install'
[1.294s] Level 1:colcon.colcon_core.package_identification:_identify(src/locomotion_core) by extensions ['colcon_pkg']
[1.294s] Level 1:colcon.colcon_core.package_identification:_identify(src/locomotion_core) by extension 'colcon_pkg'
[1.294s] Level 1:colcon.colcon_core.package_identification:_identify(src/locomotion_core) by extensions ['colcon_meta']
[1.294s] Level 1:colcon.colcon_core.package_identification:_identify(src/locomotion_core) by extension 'colcon_meta'
[1.294s] Level 1:colcon.colcon_core.package_identification:_identify(src/locomotion_core) by extensions ['ros']
[1.294s] Level 1:colcon.colcon_core.package_identification:_identify(src/locomotion_core) by extension 'ros'
[1.300s] DEBUG:colcon.colcon_core.package_identification:Package 'src/locomotion_core' with type 'ros.ament_python' and name 'locomotion_core'
[1.301s] Level 1:colcon.colcon_core.package_identification:_identify(src/ros1_bridge) by extensions ['ignore', 'ignore_ament_install']
[1.301s] Level 1:colcon.colcon_core.package_identification:_identify(src/ros1_bridge) by extension 'ignore'
[1.301s] Level 1:colcon.colcon_core.package_identification:_identify(src/ros1_bridge) by extension 'ignore_ament_install'
[1.301s] Level 1:colcon.colcon_core.package_identification:_identify(src/ros1_bridge) by extensions ['colcon_pkg']
[1.301s] Level 1:colcon.colcon_core.package_identification:_identify(src/ros1_bridge) by extension 'colcon_pkg'
[1.301s] Level 1:colcon.colcon_core.package_identification:_identify(src/ros1_bridge) by extensions ['colcon_meta']
[1.302s] Level 1:colcon.colcon_core.package_identification:_identify(src/ros1_bridge) by extension 'colcon_meta'
[1.302s] Level 1:colcon.colcon_core.package_identification:_identify(src/ros1_bridge) by extensions ['ros']
[1.302s] Level 1:colcon.colcon_core.package_identification:_identify(src/ros1_bridge) by extension 'ros'
[1.303s] DEBUG:colcon.colcon_core.package_identification:Package 'src/ros1_bridge' with type 'ros.ament_cmake' and name 'ros1_bridge'
[1.304s] Level 1:colcon.colcon_core.package_identification:_identify(src/rsl_scu) by extensions ['ignore', 'ignore_ament_install']
[1.304s] Level 1:colcon.colcon_core.package_identification:_identify(src/rsl_scu) by extension 'ignore'
[1.304s] Level 1:colcon.colcon_core.package_identification:_identify(src/rsl_scu) by extension 'ignore_ament_install'
[1.304s] Level 1:colcon.colcon_core.package_identification:_identify(src/rsl_scu) by extensions ['colcon_pkg']
[1.304s] Level 1:colcon.colcon_core.package_identification:_identify(src/rsl_scu) by extension 'colcon_pkg'
[1.304s] Level 1:colcon.colcon_core.package_identification:_identify(src/rsl_scu) by extensions ['colcon_meta']
[1.304s] Level 1:colcon.colcon_core.package_identification:_identify(src/rsl_scu) by extension 'colcon_meta'
[1.305s] Level 1:colcon.colcon_core.package_identification:_identify(src/rsl_scu) by extensions ['ros']
[1.305s] Level 1:colcon.colcon_core.package_identification:_identify(src/rsl_scu) by extension 'ros'
[1.306s] DEBUG:colcon.colcon_core.package_identification:Package 'src/rsl_scu' with type 'ros.ament_python' and name 'rsl_scu'
[1.306s] Level 1:colcon.colcon_core.package_identification:_identify(src/voice_control) by extensions ['ignore', 'ignore_ament_install']
[1.306s] Level 1:colcon.colcon_core.package_identification:_identify(src/voice_control) by extension 'ignore'
[1.306s] Level 1:colcon.colcon_core.package_identification:_identify(src/voice_control) by extension 'ignore_ament_install'
[1.306s] Level 1:colcon.colcon_core.package_identification:_identify(src/voice_control) by extensions ['colcon_pkg']
[1.306s] Level 1:colcon.colcon_core.package_identification:_identify(src/voice_control) by extension 'colcon_pkg'
[1.306s] Level 1:colcon.colcon_core.package_identification:_identify(src/voice_control) by extensions ['colcon_meta']
[1.306s] Level 1:colcon.colcon_core.package_identification:_identify(src/voice_control) by extension 'colcon_meta'
[1.307s] Level 1:colcon.colcon_core.package_identification:_identify(src/voice_control) by extensions ['ros']
[1.307s] Level 1:colcon.colcon_core.package_identification:_identify(src/voice_control) by extension 'ros'
[1.307s] DEBUG:colcon.colcon_core.package_identification:Package 'src/voice_control' with type 'ros.ament_python' and name 'voice_control'
[1.307s] Level 1:colcon.colcon_core.package_discovery:discover_packages(recursive) using defaults
[1.308s] Level 1:colcon.colcon_core.package_discovery:discover_packages(ignore) discover
[1.308s] Level 1:colcon.colcon_core.package_discovery:discover_packages(ignore) using defaults
[1.308s] Level 1:colcon.colcon_core.package_discovery:discover_packages(path) discover
[1.308s] Level 1:colcon.colcon_core.package_discovery:discover_packages(path) using defaults
[1.354s] Level 1:colcon.colcon_core.package_discovery:discover_packages(prefix_path) check parameters
[1.354s] Level 1:colcon.colcon_core.package_discovery:discover_packages(prefix_path) discover
[1.507s] DEBUG:colcon.colcon_installed_package_information.package_discovery:Found 256 installed packages in /opt/ros/foxy
[1.510s] Level 1:colcon.colcon_core.package_discovery:discover_packages(prefix_path) using defaults
[1.834s] Level 5:colcon.colcon_core.verb:set package 'locomotion_core' build argument 'cmake_args' from command line to 'None'
[1.835s] Level 5:colcon.colcon_core.verb:set package 'locomotion_core' build argument 'cmake_target' from command line to 'None'
[1.835s] Level 5:colcon.colcon_core.verb:set package 'locomotion_core' build argument 'cmake_target_skip_unavailable' from command line to 'False'
[1.835s] Level 5:colcon.colcon_core.verb:set package 'locomotion_core' build argument 'cmake_clean_cache' from command line to 'False'
[1.835s] Level 5:colcon.colcon_core.verb:set package 'locomotion_core' build argument 'cmake_clean_first' from command line to 'False'
[1.835s] Level 5:colcon.colcon_core.verb:set package 'locomotion_core' build argument 'cmake_force_configure' from command line to 'False'
[1.835s] Level 5:colcon.colcon_core.verb:set package 'locomotion_core' build argument 'ament_cmake_args' from command line to 'None'
[1.835s] Level 5:colcon.colcon_core.verb:set package 'locomotion_core' build argument 'catkin_cmake_args' from command line to 'None'
[1.835s] Level 5:colcon.colcon_core.verb:set package 'locomotion_core' build argument 'catkin_skip_building_tests' from command line to 'False'
[1.835s] DEBUG:colcon.colcon_core.verb:Building package 'locomotion_core' with the following arguments: {'ament_cmake_args': None, 'build_base': '/home/rslam/Desktop/Indoor_Mobile_Robotic_Arm/build/locomotion_core', 'catkin_cmake_args': None, 'catkin_skip_building_tests': False, 'cmake_args': None, 'cmake_clean_cache': False, 'cmake_clean_first': False, 'cmake_force_configure': False, 'cmake_target': None, 'cmake_target_skip_unavailable': False, 'install_base': '/home/rslam/Desktop/Indoor_Mobile_Robotic_Arm/install/locomotion_core', 'merge_install': False, 'path': '/home/rslam/Desktop/Indoor_Mobile_Robotic_Arm/src/locomotion_core', 'symlink_install': False, 'test_result_base': None}
[1.837s] Level 5:colcon.colcon_core.verb:set package 'ros1_bridge' build argument 'cmake_args' from command line to 'None'
[1.837s] Level 5:colcon.colcon_core.verb:set package 'ros1_bridge' build argument 'cmake_target' from command line to 'None'
[1.837s] Level 5:colcon.colcon_core.verb:set package 'ros1_bridge' build argument 'cmake_target_skip_unavailable' from command line to 'False'
[1.837s] Level 5:colcon.colcon_core.verb:set package 'ros1_bridge' build argument 'cmake_clean_cache' from command line to 'False'
[1.837s] Level 5:colcon.colcon_core.verb:set package 'ros1_bridge' build argument 'cmake_clean_first' from command line to 'False'
[1.838s] Level 5:colcon.colcon_core.verb:set package 'ros1_bridge' build argument 'cmake_force_configure' from command line to 'False'
[1.838s] Level 5:colcon.colcon_core.verb:set package 'ros1_bridge' build argument 'ament_cmake_args' from command line to 'None'
[1.838s] Level 5:colcon.colcon_core.verb:set package 'ros1_bridge' build argument 'catkin_cmake_args' from command line to 'None'
[1.838s] Level 5:colcon.colcon_core.verb:set package 'ros1_bridge' build argument 'catkin_skip_building_tests' from command line to 'False'
[1.838s] DEBUG:colcon.colcon_core.verb:Building package 'ros1_bridge' with the following arguments: {'ament_cmake_args': None, 'build_base': '/home/rslam/Desktop/Indoor_Mobile_Robotic_Arm/build/ros1_bridge', 'catkin_cmake_args': None, 'catkin_skip_building_tests': False, 'cmake_args': None, 'cmake_clean_cache': False, 'cmake_clean_first': False, 'cmake_force_configure': False, 'cmake_target': None, 'cmake_target_skip_unavailable': False, 'install_base': '/home/rslam/Desktop/Indoor_Mobile_Robotic_Arm/install/ros1_bridge', 'merge_install': False, 'path': '/home/rslam/Desktop/Indoor_Mobile_Robotic_Arm/src/ros1_bridge', 'symlink_install': False, 'test_result_base': None}
[1.840s] Level 5:colcon.colcon_core.verb:set package 'rsl_scu' build argument 'cmake_args' from command line to 'None'
[1.840s] Level 5:colcon.colcon_core.verb:set package 'rsl_scu' build argument 'cmake_target' from command line to 'None'
[1.840s] Level 5:colcon.colcon_core.verb:set package 'rsl_scu' build argument 'cmake_target_skip_unavailable' from command line to 'False'
[1.840s] Level 5:colcon.colcon_core.verb:set package 'rsl_scu' build argument 'cmake_clean_cache' from command line to 'False'
[1.840s] Level 5:colcon.colcon_core.verb:set package 'rsl_scu' build argument 'cmake_clean_first' from command line to 'False'
[1.840s] Level 5:colcon.colcon_core.verb:set package 'rsl_scu' build argument 'cmake_force_configure' from command line to 'False'
[1.840s] Level 5:colcon.colcon_core.verb:set package 'rsl_scu' build argument 'ament_cmake_args' from command line to 'None'
[1.840s] Level 5:colcon.colcon_core.verb:set package 'rsl_scu' build argument 'catkin_cmake_args' from command line to 'None'
[1.840s] Level 5:colcon.colcon_core.verb:set package 'rsl_scu' build argument 'catkin_skip_building_tests' from command line to 'False'
[1.840s] DEBUG:colcon.colcon_core.verb:Building package 'rsl_scu' with the following arguments: {'ament_cmake_args': None, 'build_base': '/home/rslam/Desktop/Indoor_Mobile_Robotic_Arm/build/rsl_scu', 'catkin_cmake_args': None, 'catkin_skip_building_tests': False, 'cmake_args': None, 'cmake_clean_cache': False, 'cmake_clean_first': False, 'cmake_force_configure': False, 'cmake_target': None, 'cmake_target_skip_unavailable': False, 'install_base': '/home/rslam/Desktop/Indoor_Mobile_Robotic_Arm/install/rsl_scu', 'merge_install': False, 'path': '/home/rslam/Desktop/Indoor_Mobile_Robotic_Arm/src/rsl_scu', 'symlink_install': False, 'test_result_base': None}
[1.842s] Level 5:colcon.colcon_core.verb:set package 'voice_control' build argument 'cmake_args' from command line to 'None'
[1.842s] Level 5:colcon.colcon_core.verb:set package 'voice_control' build argument 'cmake_target' from command line to 'None'
[1.842s] Level 5:colcon.colcon_core.verb:set package 'voice_control' build argument 'cmake_target_skip_unavailable' from command line to 'False'
[1.842s] Level 5:colcon.colcon_core.verb:set package 'voice_control' build argument 'cmake_clean_cache' from command line to 'False'
[1.842s] Level 5:colcon.colcon_core.verb:set package 'voice_control' build argument 'cmake_clean_first' from command line to 'False'
[1.842s] Level 5:colcon.colcon_core.verb:set package 'voice_control' build argument 'cmake_force_configure' from command line to 'False'
[1.842s] Level 5:colcon.colcon_core.verb:set package 'voice_control' build argument 'ament_cmake_args' from command line to 'None'
[1.842s] Level 5:colcon.colcon_core.verb:set package 'voice_control' build argument 'catkin_cmake_args' from command line to 'None'
[1.842s] Level 5:colcon.colcon_core.verb:set package 'voice_control' build argument 'catkin_skip_building_tests' from command line to 'False'
[1.843s] DEBUG:colcon.colcon_core.verb:Building package 'voice_control' with the following arguments: {'ament_cmake_args': None, 'build_base': '/home/rslam/Desktop/Indoor_Mobile_Robotic_Arm/build/voice_control', 'catkin_cmake_args': None, 'catkin_skip_building_tests': False, 'cmake_args': None, 'cmake_clean_cache': False, 'cmake_clean_first': False, 'cmake_force_configure': False, 'cmake_target': None, 'cmake_target_skip_unavailable': False, 'install_base': '/home/rslam/Desktop/Indoor_Mobile_Robotic_Arm/install/voice_control', 'merge_install': False, 'path': '/home/rslam/Desktop/Indoor_Mobile_Robotic_Arm/src/voice_control', 'symlink_install': False, 'test_result_base': None}
[1.844s] INFO:colcon.colcon_core.executor:Executing jobs using 'parallel' executor
[1.854s] DEBUG:colcon.colcon_parallel_executor.executor.parallel:run_until_complete
[1.855s] INFO:colcon.colcon_ros.task.ament_python.build:Building ROS package in '/home/rslam/Desktop/Indoor_Mobile_Robotic_Arm/src/locomotion_core' with build type 'ament_python'
[1.855s] Level 1:colcon.colcon_core.shell:create_environment_hook('locomotion_core', 'ament_prefix_path')
[1.865s] INFO:colcon.colcon_core.plugin_system:Skipping extension 'colcon_core.shell.bat': Not used on non-Windows systems
[1.865s] INFO:colcon.colcon_core.shell:Creating environment hook '/home/rslam/Desktop/Indoor_Mobile_Robotic_Arm/install/locomotion_core/share/locomotion_core/hook/ament_prefix_path.ps1'
[1.867s] INFO:colcon.colcon_core.shell:Creating environment descriptor '/home/rslam/Desktop/Indoor_Mobile_Robotic_Arm/install/locomotion_core/share/locomotion_core/hook/ament_prefix_path.dsv'
[1.868s] INFO:colcon.colcon_core.shell:Creating environment hook '/home/rslam/Desktop/Indoor_Mobile_Robotic_Arm/install/locomotion_core/share/locomotion_core/hook/ament_prefix_path.sh'
[1.874s] INFO:colcon.colcon_core.shell:Skip shell extension 'powershell' for command environment: Not usable outside of PowerShell
[1.874s] DEBUG:colcon.colcon_core.shell:Skip shell extension 'dsv' for command environment
[1.889s] INFO:colcon.colcon_ros.task.ament_cmake.build:Building ROS package in '/home/rslam/Desktop/Indoor_Mobile_Robotic_Arm/src/ros1_bridge' with build type 'ament_cmake'
[1.890s] INFO:colcon.colcon_cmake.task.cmake.build:Building CMake package in '/home/rslam/Desktop/Indoor_Mobile_Robotic_Arm/src/ros1_bridge'
[1.894s] INFO:colcon.colcon_core.shell:Skip shell extension 'powershell' for command environment: Not usable outside of PowerShell
[1.894s] DEBUG:colcon.colcon_core.shell:Skip shell extension 'dsv' for command environment
[1.906s] INFO:colcon.colcon_ros.task.ament_python.build:Building ROS package in '/home/rslam/Desktop/Indoor_Mobile_Robotic_Arm/src/rsl_scu' with build type 'ament_python'
[1.907s] Level 1:colcon.colcon_core.shell:create_environment_hook('rsl_scu', 'ament_prefix_path')
[1.911s] INFO:colcon.colcon_core.shell:Creating environment hook '/home/rslam/Desktop/Indoor_Mobile_Robotic_Arm/install/rsl_scu/share/rsl_scu/hook/ament_prefix_path.ps1'
[1.912s] INFO:colcon.colcon_core.shell:Creating environment descriptor '/home/rslam/Desktop/Indoor_Mobile_Robotic_Arm/install/rsl_scu/share/rsl_scu/hook/ament_prefix_path.dsv'
[1.913s] INFO:colcon.colcon_core.shell:Creating environment hook '/home/rslam/Desktop/Indoor_Mobile_Robotic_Arm/install/rsl_scu/share/rsl_scu/hook/ament_prefix_path.sh'
[1.917s] INFO:colcon.colcon_core.shell:Skip shell extension 'powershell' for command environment: Not usable outside of PowerShell
[1.917s] DEBUG:colcon.colcon_core.shell:Skip shell extension 'dsv' for command environment
[1.928s] INFO:colcon.colcon_ros.task.ament_python.build:Building ROS package in '/home/rslam/Desktop/Indoor_Mobile_Robotic_Arm/src/voice_control' with build type 'ament_python'
[1.929s] Level 1:colcon.colcon_core.shell:create_environment_hook('voice_control', 'ament_prefix_path')
[1.932s] INFO:colcon.colcon_core.shell:Creating environment hook '/home/rslam/Desktop/Indoor_Mobile_Robotic_Arm/install/voice_control/share/voice_control/hook/ament_prefix_path.ps1'
[1.934s] INFO:colcon.colcon_core.shell:Creating environment descriptor '/home/rslam/Desktop/Indoor_Mobile_Robotic_Arm/install/voice_control/share/voice_control/hook/ament_prefix_path.dsv'
[1.935s] INFO:colcon.colcon_core.shell:Creating environment hook '/home/rslam/Desktop/Indoor_Mobile_Robotic_Arm/install/voice_control/share/voice_control/hook/ament_prefix_path.sh'
[1.938s] INFO:colcon.colcon_core.shell:Skip shell extension 'powershell' for command environment: Not usable outside of PowerShell
[1.938s] DEBUG:colcon.colcon_core.shell:Skip shell extension 'dsv' for command environment
[2.446s] INFO:colcon.colcon_core.task.python.build:Building Python package in '/home/rslam/Desktop/Indoor_Mobile_Robotic_Arm/src/locomotion_core'
[2.450s] INFO:colcon.colcon_core.shell:Skip shell extension 'powershell' for command environment: Not usable outside of PowerShell
[2.450s] DEBUG:colcon.colcon_core.shell:Skip shell extension 'dsv' for command environment
[2.472s] DEBUG:colcon.colcon_core.event_handler.log_command:Invoking command in '/home/rslam/Desktop/Indoor_Mobile_Robotic_Arm/build/ros1_bridge': CMAKE_PREFIX_PATH=/opt/ros/foxy /usr/bin/cmake /home/rslam/Desktop/Indoor_Mobile_Robotic_Arm/src/ros1_bridge -DCMAKE_INSTALL_PREFIX=/home/rslam/Desktop/Indoor_Mobile_Robotic_Arm/install/ros1_bridge
[2.958s] INFO:colcon.colcon_core.task.python.build:Building Python package in '/home/rslam/Desktop/Indoor_Mobile_Robotic_Arm/src/rsl_scu'
[2.962s] INFO:colcon.colcon_core.shell:Skip shell extension 'powershell' for command environment: Not usable outside of PowerShell
[2.962s] DEBUG:colcon.colcon_core.shell:Skip shell extension 'dsv' for command environment
[3.459s] INFO:colcon.colcon_core.task.python.build:Building Python package in '/home/rslam/Desktop/Indoor_Mobile_Robotic_Arm/src/voice_control'
[3.464s] INFO:colcon.colcon_core.shell:Skip shell extension 'powershell' for command environment: Not usable outside of PowerShell
[3.464s] DEBUG:colcon.colcon_core.shell:Skip shell extension 'dsv' for command environment
[4.552s] DEBUG:colcon.colcon_core.event_handler.log_command:Invoking command in '/home/rslam/Desktop/Indoor_Mobile_Robotic_Arm/src/rsl_scu': PYTHONPATH=/home/rslam/Desktop/Indoor_Mobile_Robotic_Arm/build/rsl_scu/prefix_override:/home/rslam/Desktop/Indoor_Mobile_Robotic_Arm/install/rsl_scu/lib/python3.8/site-packages:${PYTHONPATH} /usr/bin/python3 setup.py egg_info --egg-base ../../build/rsl_scu build --build-base /home/rslam/Desktop/Indoor_Mobile_Robotic_Arm/build/rsl_scu/build install --record /home/rslam/Desktop/Indoor_Mobile_Robotic_Arm/build/rsl_scu/install.log --install-scripts $base/lib/rsl_scu --single-version-externally-managed
[4.615s] DEBUG:colcon.colcon_core.event_handler.log_command:Invoking command in '/home/rslam/Desktop/Indoor_Mobile_Robotic_Arm/src/locomotion_core': PYTHONPATH=/home/rslam/Desktop/Indoor_Mobile_Robotic_Arm/build/locomotion_core/prefix_override:/home/rslam/Desktop/Indoor_Mobile_Robotic_Arm/install/locomotion_core/lib/python3.8/site-packages:${PYTHONPATH} /usr/bin/python3 setup.py egg_info --egg-base ../../build/locomotion_core build --build-base /home/rslam/Desktop/Indoor_Mobile_Robotic_Arm/build/locomotion_core/build install --record /home/rslam/Desktop/Indoor_Mobile_Robotic_Arm/build/locomotion_core/install.log --single-version-externally-managed
[4.684s] DEBUG:colcon.colcon_core.event_handler.log_command:Invoking command in '/home/rslam/Desktop/Indoor_Mobile_Robotic_Arm/src/voice_control': PYTHONPATH=/home/rslam/Desktop/Indoor_Mobile_Robotic_Arm/build/voice_control/prefix_override:/home/rslam/Desktop/Indoor_Mobile_Robotic_Arm/install/voice_control/lib/python3.8/site-packages:${PYTHONPATH} /usr/bin/python3 setup.py egg_info --egg-base ../../build/voice_control build --build-base /home/rslam/Desktop/Indoor_Mobile_Robotic_Arm/build/voice_control/build install --record /home/rslam/Desktop/Indoor_Mobile_Robotic_Arm/build/voice_control/install.log --install-scripts $base/lib/voice_control --single-version-externally-managed
[5.493s] DEBUG:colcon.colcon_core.event_handler.log_command:Invoked command in '/home/rslam/Desktop/Indoor_Mobile_Robotic_Arm/src/voice_control' returned '0': PYTHONPATH=/home/rslam/Desktop/Indoor_Mobile_Robotic_Arm/build/voice_control/prefix_override:/home/rslam/Desktop/Indoor_Mobile_Robotic_Arm/install/voice_control/lib/python3.8/site-packages:${PYTHONPATH} /usr/bin/python3 setup.py egg_info --egg-base ../../build/voice_control build --build-base /home/rslam/Desktop/Indoor_Mobile_Robotic_Arm/build/voice_control/build install --record /home/rslam/Desktop/Indoor_Mobile_Robotic_Arm/build/voice_control/install.log --install-scripts $base/lib/voice_control --single-version-externally-managed
[5.511s] Level 1:colcon.colcon_core.environment:checking '/home/rslam/Desktop/Indoor_Mobile_Robotic_Arm/install/voice_control' for CMake module files
[5.513s] Level 1:colcon.colcon_core.environment:checking '/home/rslam/Desktop/Indoor_Mobile_Robotic_Arm/install/voice_control' for CMake config files
[5.515s] Level 1:colcon.colcon_core.environment:checking '/home/rslam/Desktop/Indoor_Mobile_Robotic_Arm/install/voice_control/lib'
[5.516s] Level 1:colcon.colcon_core.environment:checking '/home/rslam/Desktop/Indoor_Mobile_Robotic_Arm/install/voice_control/bin'
[5.516s] Level 1:colcon.colcon_core.environment:checking '/home/rslam/Desktop/Indoor_Mobile_Robotic_Arm/install/voice_control/lib/pkgconfig/voice_control.pc'
[5.517s] Level 1:colcon.colcon_core.environment:checking '/home/rslam/Desktop/Indoor_Mobile_Robotic_Arm/install/voice_control/lib/python3.8/site-packages'
[5.517s] Level 1:colcon.colcon_core.shell:create_environment_hook('voice_control', 'pythonpath')
[5.521s] INFO:colcon.colcon_core.shell:Creating environment hook '/home/rslam/Desktop/Indoor_Mobile_Robotic_Arm/install/voice_control/share/voice_control/hook/pythonpath.ps1'
[5.523s] INFO:colcon.colcon_core.shell:Creating environment descriptor '/home/rslam/Desktop/Indoor_Mobile_Robotic_Arm/install/voice_control/share/voice_control/hook/pythonpath.dsv'
[5.523s] INFO:colcon.colcon_core.shell:Creating environment hook '/home/rslam/Desktop/Indoor_Mobile_Robotic_Arm/install/voice_control/share/voice_control/hook/pythonpath.sh'
[5.525s] Level 1:colcon.colcon_core.environment:checking '/home/rslam/Desktop/Indoor_Mobile_Robotic_Arm/install/voice_control/bin'
[5.525s] Level 1:colcon.colcon_core.environment:create_environment_scripts_only(voice_control)
[5.528s] INFO:colcon.colcon_core.shell:Creating package script '/home/rslam/Desktop/Indoor_Mobile_Robotic_Arm/install/voice_control/share/voice_control/package.ps1'
[5.530s] INFO:colcon.colcon_core.shell:Creating package descriptor '/home/rslam/Desktop/Indoor_Mobile_Robotic_Arm/install/voice_control/share/voice_control/package.dsv'
[5.532s] INFO:colcon.colcon_core.shell:Creating package script '/home/rslam/Desktop/Indoor_Mobile_Robotic_Arm/install/voice_control/share/voice_control/package.sh'
[5.534s] INFO:colcon.colcon_core.shell:Creating package script '/home/rslam/Desktop/Indoor_Mobile_Robotic_Arm/install/voice_control/share/voice_control/package.bash'
[5.536s] INFO:colcon.colcon_core.shell:Creating package script '/home/rslam/Desktop/Indoor_Mobile_Robotic_Arm/install/voice_control/share/voice_control/package.zsh'
[5.537s] Level 1:colcon.colcon_core.environment:create_file_with_runtime_dependencies(/home/rslam/Desktop/Indoor_Mobile_Robotic_Arm/install/voice_control/share/colcon-core/packages/voice_control)
[5.544s] Level 1:colcon.colcon_core.environment:checking '/home/rslam/Desktop/Indoor_Mobile_Robotic_Arm/install/rsl_scu' for CMake module files
[5.547s] DEBUG:colcon.colcon_core.event_handler.log_command:Invoked command in '/home/rslam/Desktop/Indoor_Mobile_Robotic_Arm/src/rsl_scu' returned '0': PYTHONPATH=/home/rslam/Desktop/Indoor_Mobile_Robotic_Arm/build/rsl_scu/prefix_override:/home/rslam/Desktop/Indoor_Mobile_Robotic_Arm/install/rsl_scu/lib/python3.8/site-packages:${PYTHONPATH} /usr/bin/python3 setup.py egg_info --egg-base ../../build/rsl_scu build --build-base /home/rslam/Desktop/Indoor_Mobile_Robotic_Arm/build/rsl_scu/build install --record /home/rslam/Desktop/Indoor_Mobile_Robotic_Arm/build/rsl_scu/install.log --install-scripts $base/lib/rsl_scu --single-version-externally-managed
[5.547s] Level 1:colcon.colcon_core.environment:checking '/home/rslam/Desktop/Indoor_Mobile_Robotic_Arm/install/rsl_scu' for CMake config files
[5.548s] Level 1:colcon.colcon_core.environment:checking '/home/rslam/Desktop/Indoor_Mobile_Robotic_Arm/install/rsl_scu/lib'
[5.549s] Level 1:colcon.colcon_core.environment:checking '/home/rslam/Desktop/Indoor_Mobile_Robotic_Arm/install/rsl_scu/bin'
[5.549s] Level 1:colcon.colcon_core.environment:checking '/home/rslam/Desktop/Indoor_Mobile_Robotic_Arm/install/rsl_scu/lib/pkgconfig/rsl_scu.pc'
[5.549s] Level 1:colcon.colcon_core.environment:checking '/home/rslam/Desktop/Indoor_Mobile_Robotic_Arm/install/rsl_scu/lib/python3.8/site-packages'
[5.549s] Level 1:colcon.colcon_core.shell:create_environment_hook('rsl_scu', 'pythonpath')
[5.552s] INFO:colcon.colcon_core.shell:Creating environment hook '/home/rslam/Desktop/Indoor_Mobile_Robotic_Arm/install/rsl_scu/share/rsl_scu/hook/pythonpath.ps1'
[5.553s] INFO:colcon.colcon_core.shell:Creating environment descriptor '/home/rslam/Desktop/Indoor_Mobile_Robotic_Arm/install/rsl_scu/share/rsl_scu/hook/pythonpath.dsv'
[5.554s] INFO:colcon.colcon_core.shell:Creating environment hook '/home/rslam/Desktop/Indoor_Mobile_Robotic_Arm/install/rsl_scu/share/rsl_scu/hook/pythonpath.sh'
[5.554s] Level 1:colcon.colcon_core.environment:checking '/home/rslam/Desktop/Indoor_Mobile_Robotic_Arm/install/rsl_scu/bin'
[5.555s] Level 1:colcon.colcon_core.environment:create_environment_scripts_only(rsl_scu)
[5.557s] INFO:colcon.colcon_core.shell:Creating package script '/home/rslam/Desktop/Indoor_Mobile_Robotic_Arm/install/rsl_scu/share/rsl_scu/package.ps1'
[5.558s] INFO:colcon.colcon_core.shell:Creating package descriptor '/home/rslam/Desktop/Indoor_Mobile_Robotic_Arm/install/rsl_scu/share/rsl_scu/package.dsv'
[5.559s] INFO:colcon.colcon_core.shell:Creating package script '/home/rslam/Desktop/Indoor_Mobile_Robotic_Arm/install/rsl_scu/share/rsl_scu/package.sh'
[5.560s] INFO:colcon.colcon_core.shell:Creating package script '/home/rslam/Desktop/Indoor_Mobile_Robotic_Arm/install/rsl_scu/share/rsl_scu/package.bash'
[5.561s] INFO:colcon.colcon_core.shell:Creating package script '/home/rslam/Desktop/Indoor_Mobile_Robotic_Arm/install/rsl_scu/share/rsl_scu/package.zsh'
[5.561s] Level 1:colcon.colcon_core.environment:create_file_with_runtime_dependencies(/home/rslam/Desktop/Indoor_Mobile_Robotic_Arm/install/rsl_scu/share/colcon-core/packages/rsl_scu)
[5.566s] Level 1:colcon.colcon_core.environment:checking '/home/rslam/Desktop/Indoor_Mobile_Robotic_Arm/install/locomotion_core' for CMake module files
[5.568s] Level 1:colcon.colcon_core.environment:checking '/home/rslam/Desktop/Indoor_Mobile_Robotic_Arm/install/locomotion_core' for CMake config files
[5.568s] DEBUG:colcon.colcon_core.event_handler.log_command:Invoked command in '/home/rslam/Desktop/Indoor_Mobile_Robotic_Arm/src/locomotion_core' returned '0': PYTHONPATH=/home/rslam/Desktop/Indoor_Mobile_Robotic_Arm/build/locomotion_core/prefix_override:/home/rslam/Desktop/Indoor_Mobile_Robotic_Arm/install/locomotion_core/lib/python3.8/site-packages:${PYTHONPATH} /usr/bin/python3 setup.py egg_info --egg-base ../../build/locomotion_core build --build-base /home/rslam/Desktop/Indoor_Mobile_Robotic_Arm/build/locomotion_core/build install --record /home/rslam/Desktop/Indoor_Mobile_Robotic_Arm/build/locomotion_core/install.log --single-version-externally-managed
[5.570s] Level 1:colcon.colcon_core.environment:checking '/home/rslam/Desktop/Indoor_Mobile_Robotic_Arm/install/locomotion_core/lib'
[5.571s] Level 1:colcon.colcon_core.environment:checking '/home/rslam/Desktop/Indoor_Mobile_Robotic_Arm/install/locomotion_core/bin'
[5.571s] Level 1:colcon.colcon_core.environment:checking '/home/rslam/Desktop/Indoor_Mobile_Robotic_Arm/install/locomotion_core/lib/pkgconfig/locomotion_core.pc'
[5.572s] Level 1:colcon.colcon_core.environment:checking '/home/rslam/Desktop/Indoor_Mobile_Robotic_Arm/install/locomotion_core/lib/python3.8/site-packages'
[5.572s] Level 1:colcon.colcon_core.shell:create_environment_hook('locomotion_core', 'pythonpath')
[5.575s] INFO:colcon.colcon_core.shell:Creating environment hook '/home/rslam/Desktop/Indoor_Mobile_Robotic_Arm/install/locomotion_core/share/locomotion_core/hook/pythonpath.ps1'
[5.576s] INFO:colcon.colcon_core.shell:Creating environment descriptor '/home/rslam/Desktop/Indoor_Mobile_Robotic_Arm/install/locomotion_core/share/locomotion_core/hook/pythonpath.dsv'
[5.576s] INFO:colcon.colcon_core.shell:Creating environment hook '/home/rslam/Desktop/Indoor_Mobile_Robotic_Arm/install/locomotion_core/share/locomotion_core/hook/pythonpath.sh'
[5.577s] Level 1:colcon.colcon_core.environment:checking '/home/rslam/Desktop/Indoor_Mobile_Robotic_Arm/install/locomotion_core/bin'
[5.578s] Level 1:colcon.colcon_core.environment:create_environment_scripts_only(locomotion_core)
[5.580s] INFO:colcon.colcon_core.shell:Creating package script '/home/rslam/Desktop/Indoor_Mobile_Robotic_Arm/install/locomotion_core/share/locomotion_core/package.ps1'
[5.581s] INFO:colcon.colcon_core.shell:Creating package descriptor '/home/rslam/Desktop/Indoor_Mobile_Robotic_Arm/install/locomotion_core/share/locomotion_core/package.dsv'
[5.582s] INFO:colcon.colcon_core.shell:Creating package script '/home/rslam/Desktop/Indoor_Mobile_Robotic_Arm/install/locomotion_core/share/locomotion_core/package.sh'
[5.583s] INFO:colcon.colcon_core.shell:Creating package script '/home/rslam/Desktop/Indoor_Mobile_Robotic_Arm/install/locomotion_core/share/locomotion_core/package.bash'
[5.584s] INFO:colcon.colcon_core.shell:Creating package script '/home/rslam/Desktop/Indoor_Mobile_Robotic_Arm/install/locomotion_core/share/locomotion_core/package.zsh'
[5.584s] Level 1:colcon.colcon_core.environment:create_file_with_runtime_dependencies(/home/rslam/Desktop/Indoor_Mobile_Robotic_Arm/install/locomotion_core/share/colcon-core/packages/locomotion_core)
[10.311s] DEBUG:colcon.colcon_core.event_handler.log_command:Invoked command in '/home/rslam/Desktop/Indoor_Mobile_Robotic_Arm/build/ros1_bridge' returned '0': CMAKE_PREFIX_PATH=/opt/ros/foxy /usr/bin/cmake /home/rslam/Desktop/Indoor_Mobile_Robotic_Arm/src/ros1_bridge -DCMAKE_INSTALL_PREFIX=/home/rslam/Desktop/Indoor_Mobile_Robotic_Arm/install/ros1_bridge
[10.322s] DEBUG:colcon.colcon_core.event_handler.log_command:Invoking command in '/home/rslam/Desktop/Indoor_Mobile_Robotic_Arm/build/ros1_bridge': CMAKE_PREFIX_PATH=/opt/ros/foxy /usr/bin/cmake --build /home/rslam/Desktop/Indoor_Mobile_Robotic_Arm/build/ros1_bridge -- -j6 -l6
[10.423s] DEBUG:colcon.colcon_core.event_handler.log_command:Invoked command in '/home/rslam/Desktop/Indoor_Mobile_Robotic_Arm/build/ros1_bridge' returned '0': CMAKE_PREFIX_PATH=/opt/ros/foxy /usr/bin/cmake --build /home/rslam/Desktop/Indoor_Mobile_Robotic_Arm/build/ros1_bridge -- -j6 -l6
[10.510s] DEBUG:colcon.colcon_core.event_handler.log_command:Invoking command in '/home/rslam/Desktop/Indoor_Mobile_Robotic_Arm/build/ros1_bridge': CMAKE_PREFIX_PATH=/opt/ros/foxy /usr/bin/cmake --install /home/rslam/Desktop/Indoor_Mobile_Robotic_Arm/build/ros1_bridge
[10.542s] Level 1:colcon.colcon_core.environment:create_environment_scripts_only(ros1_bridge)
[10.552s] Level 1:colcon.colcon_core.environment:checking '/home/rslam/Desktop/Indoor_Mobile_Robotic_Arm/install/ros1_bridge' for CMake module files
[10.553s] DEBUG:colcon.colcon_core.event_handler.log_command:Invoked command in '/home/rslam/Desktop/Indoor_Mobile_Robotic_Arm/build/ros1_bridge' returned '0': CMAKE_PREFIX_PATH=/opt/ros/foxy /usr/bin/cmake --install /home/rslam/Desktop/Indoor_Mobile_Robotic_Arm/build/ros1_bridge
[10.554s] Level 1:colcon.colcon_core.environment:checking '/home/rslam/Desktop/Indoor_Mobile_Robotic_Arm/install/ros1_bridge' for CMake config files
[10.555s] Level 1:colcon.colcon_core.shell:create_environment_hook('ros1_bridge', 'cmake_prefix_path')
[10.560s] INFO:colcon.colcon_core.shell:Creating environment hook '/home/rslam/Desktop/Indoor_Mobile_Robotic_Arm/install/ros1_bridge/share/ros1_bridge/hook/cmake_prefix_path.ps1'
[10.562s] INFO:colcon.colcon_core.shell:Creating environment descriptor '/home/rslam/Desktop/Indoor_Mobile_Robotic_Arm/install/ros1_bridge/share/ros1_bridge/hook/cmake_prefix_path.dsv'
[10.564s] INFO:colcon.colcon_core.shell:Creating environment hook '/home/rslam/Desktop/Indoor_Mobile_Robotic_Arm/install/ros1_bridge/share/ros1_bridge/hook/cmake_prefix_path.sh'
[10.566s] Level 1:colcon.colcon_core.environment:checking '/home/rslam/Desktop/Indoor_Mobile_Robotic_Arm/install/ros1_bridge/bin'
[10.566s] Level 1:colcon.colcon_core.environment:checking '/home/rslam/Desktop/Indoor_Mobile_Robotic_Arm/install/ros1_bridge/lib/pkgconfig/ros1_bridge.pc'
[10.567s] Level 1:colcon.colcon_core.environment:checking '/home/rslam/Desktop/Indoor_Mobile_Robotic_Arm/install/ros1_bridge/lib/python3.8/site-packages'
[10.568s] Level 1:colcon.colcon_core.environment:checking '/home/rslam/Desktop/Indoor_Mobile_Robotic_Arm/install/ros1_bridge/bin'
[10.572s] INFO:colcon.colcon_core.shell:Creating package script '/home/rslam/Desktop/Indoor_Mobile_Robotic_Arm/install/ros1_bridge/share/ros1_bridge/package.ps1'
[10.574s] INFO:colcon.colcon_core.shell:Creating package descriptor '/home/rslam/Desktop/Indoor_Mobile_Robotic_Arm/install/ros1_bridge/share/ros1_bridge/package.dsv'
[10.575s] INFO:colcon.colcon_core.shell:Creating package script '/home/rslam/Desktop/Indoor_Mobile_Robotic_Arm/install/ros1_bridge/share/ros1_bridge/package.sh'
[10.576s] INFO:colcon.colcon_core.shell:Creating package script '/home/rslam/Desktop/Indoor_Mobile_Robotic_Arm/install/ros1_bridge/share/ros1_bridge/package.bash'
[10.581s] INFO:colcon.colcon_core.shell:Creating package script '/home/rslam/Desktop/Indoor_Mobile_Robotic_Arm/install/ros1_bridge/share/ros1_bridge/package.zsh'
[10.589s] Level 1:colcon.colcon_core.environment:create_file_with_runtime_dependencies(/home/rslam/Desktop/Indoor_Mobile_Robotic_Arm/install/ros1_bridge/share/colcon-core/packages/ros1_bridge)
[10.644s] Level 1:colcon.colcon_core.environment:create_environment_scripts_only(ros1_bridge)
[10.650s] Level 1:colcon.colcon_core.environment:checking '/home/rslam/Desktop/Indoor_Mobile_Robotic_Arm/install/ros1_bridge' for CMake module files
[10.651s] Level 1:colcon.colcon_core.environment:checking '/home/rslam/Desktop/Indoor_Mobile_Robotic_Arm/install/ros1_bridge' for CMake config files
[10.652s] Level 1:colcon.colcon_core.shell:create_environment_hook('ros1_bridge', 'cmake_prefix_path')
[10.654s] INFO:colcon.colcon_core.shell:Creating environment hook '/home/rslam/Desktop/Indoor_Mobile_Robotic_Arm/install/ros1_bridge/share/ros1_bridge/hook/cmake_prefix_path.ps1'
[10.656s] INFO:colcon.colcon_core.shell:Creating environment descriptor '/home/rslam/Desktop/Indoor_Mobile_Robotic_Arm/install/ros1_bridge/share/ros1_bridge/hook/cmake_prefix_path.dsv'
[10.657s] INFO:colcon.colcon_core.shell:Creating environment hook '/home/rslam/Desktop/Indoor_Mobile_Robotic_Arm/install/ros1_bridge/share/ros1_bridge/hook/cmake_prefix_path.sh'
[10.659s] Level 1:colcon.colcon_core.environment:checking '/home/rslam/Desktop/Indoor_Mobile_Robotic_Arm/install/ros1_bridge/bin'
[10.659s] Level 1:colcon.colcon_core.environment:checking '/home/rslam/Desktop/Indoor_Mobile_Robotic_Arm/install/ros1_bridge/lib/pkgconfig/ros1_bridge.pc'
[10.659s] Level 1:colcon.colcon_core.environment:checking '/home/rslam/Desktop/Indoor_Mobile_Robotic_Arm/install/ros1_bridge/lib/python3.8/site-packages'
[10.660s] Level 1:colcon.colcon_core.environment:checking '/home/rslam/Desktop/Indoor_Mobile_Robotic_Arm/install/ros1_bridge/bin'
[10.663s] INFO:colcon.colcon_core.shell:Creating package script '/home/rslam/Desktop/Indoor_Mobile_Robotic_Arm/install/ros1_bridge/share/ros1_bridge/package.ps1'
[10.790s] INFO:colcon.colcon_core.shell:Creating package descriptor '/home/rslam/Desktop/Indoor_Mobile_Robotic_Arm/install/ros1_bridge/share/ros1_bridge/package.dsv'
[10.793s] INFO:colcon.colcon_core.shell:Creating package script '/home/rslam/Desktop/Indoor_Mobile_Robotic_Arm/install/ros1_bridge/share/ros1_bridge/package.sh'
[10.794s] INFO:colcon.colcon_core.shell:Creating package script '/home/rslam/Desktop/Indoor_Mobile_Robotic_Arm/install/ros1_bridge/share/ros1_bridge/package.bash'
[10.795s] INFO:colcon.colcon_core.shell:Creating package script '/home/rslam/Desktop/Indoor_Mobile_Robotic_Arm/install/ros1_bridge/share/ros1_bridge/package.zsh'
[10.796s] Level 1:colcon.colcon_core.environment:create_file_with_runtime_dependencies(/home/rslam/Desktop/Indoor_Mobile_Robotic_Arm/install/ros1_bridge/share/colcon-core/packages/ros1_bridge)
[10.797s] DEBUG:colcon.colcon_parallel_executor.executor.parallel:closing loop
[10.799s] DEBUG:colcon.colcon_parallel_executor.executor.parallel:loop closed
[10.799s] DEBUG:colcon.colcon_parallel_executor.executor.parallel:run_until_complete finished with '0'
[10.799s] DEBUG:colcon.colcon_core.event_reactor:joining thread
[10.818s] INFO:colcon.colcon_core.plugin_system:Skipping extension 'colcon_notification.desktop_notification.terminal_notifier': Not used on non-Darwin systems
[10.818s] INFO:colcon.colcon_core.plugin_system:Skipping extension 'colcon_notification.desktop_notification.win32': Not used on non-Windows systems
[10.818s] INFO:colcon.colcon_notification.desktop_notification:Sending desktop notification using 'notify2'
[10.874s] DEBUG:colcon.colcon_core.event_reactor:joined thread
[10.878s] INFO:colcon.colcon_core.shell:Creating prefix script '/home/rslam/Desktop/Indoor_Mobile_Robotic_Arm/install/local_setup.ps1'
[10.881s] INFO:colcon.colcon_core.shell:Creating prefix util module '/home/rslam/Desktop/Indoor_Mobile_Robotic_Arm/install/_local_setup_util_ps1.py'
[10.884s] INFO:colcon.colcon_core.shell:Creating prefix chain script '/home/rslam/Desktop/Indoor_Mobile_Robotic_Arm/install/setup.ps1'
[10.887s] INFO:colcon.colcon_core.shell:Creating prefix script '/home/rslam/Desktop/Indoor_Mobile_Robotic_Arm/install/local_setup.sh'
[10.888s] INFO:colcon.colcon_core.shell:Creating prefix util module '/home/rslam/Desktop/Indoor_Mobile_Robotic_Arm/install/_local_setup_util_sh.py'
[10.889s] INFO:colcon.colcon_core.shell:Creating prefix chain script '/home/rslam/Desktop/Indoor_Mobile_Robotic_Arm/install/setup.sh'
[10.891s] INFO:colcon.colcon_core.shell:Creating prefix script '/home/rslam/Desktop/Indoor_Mobile_Robotic_Arm/install/local_setup.bash'
[10.892s] INFO:colcon.colcon_core.shell:Creating prefix chain script '/home/rslam/Desktop/Indoor_Mobile_Robotic_Arm/install/setup.bash'
[10.894s] INFO:colcon.colcon_core.shell:Creating prefix script '/home/rslam/Desktop/Indoor_Mobile_Robotic_Arm/install/local_setup.zsh'
[10.895s] INFO:colcon.colcon_core.shell:Creating prefix chain script '/home/rslam/Desktop/Indoor_Mobile_Robotic_Arm/install/setup.zsh'
