[2.754s] Invoking command in '/home/rslam/Desktop/Indoor_Mobile_Robotic_Arm/src/voice_control': PYTHONPATH=/home/rslam/Desktop/Indoor_Mobile_Robotic_Arm/build/voice_control/prefix_override:/home/rslam/Desktop/Indoor_Mobile_Robotic_Arm/install/voice_control/lib/python3.8/site-packages:${PYTHONPATH} /usr/bin/python3 setup.py egg_info --egg-base ../../build/voice_control build --build-base /home/rslam/Desktop/Indoor_Mobile_Robotic_Arm/build/voice_control/build install --record /home/rslam/Desktop/Indoor_Mobile_Robotic_Arm/build/voice_control/install.log --install-scripts $base/lib/voice_control --single-version-externally-managed
[3.211s] running egg_info
[3.213s] creating ../../build/voice_control/voice_control.egg-info
[3.213s] writing ../../build/voice_control/voice_control.egg-info/PKG-INFO
[3.214s] writing dependency_links to ../../build/voice_control/voice_control.egg-info/dependency_links.txt
[3.214s] writing entry points to ../../build/voice_control/voice_control.egg-info/entry_points.txt
[3.214s] writing requirements to ../../build/voice_control/voice_control.egg-info/requires.txt
[3.214s] writing top-level names to ../../build/voice_control/voice_control.egg-info/top_level.txt
[3.221s] writing manifest file '../../build/voice_control/voice_control.egg-info/SOURCES.txt'
[3.289s] reading manifest file '../../build/voice_control/voice_control.egg-info/SOURCES.txt'
[3.290s] writing manifest file '../../build/voice_control/voice_control.egg-info/SOURCES.txt'
[3.299s] running build
[3.299s] running build_py
[3.300s] creating /home/rslam/Desktop/Indoor_Mobile_Robotic_Arm/build/voice_control/build
[3.300s] creating /home/rslam/Desktop/Indoor_Mobile_Robotic_Arm/build/voice_control/build/lib
[3.300s] creating /home/rslam/Desktop/Indoor_Mobile_Robotic_Arm/build/voice_control/build/lib/voice_control
[3.301s] copying voice_control/__init__.py -> /home/rslam/Desktop/Indoor_Mobile_Robotic_Arm/build/voice_control/build/lib/voice_control
[3.302s] copying voice_control/voice_command.py -> /home/rslam/Desktop/Indoor_Mobile_Robotic_Arm/build/voice_control/build/lib/voice_control
[3.303s] running install
[3.303s] running install_lib
[3.304s] creating /home/rslam/Desktop/Indoor_Mobile_Robotic_Arm/install/voice_control/lib/python3.8/site-packages/voice_control
[3.304s] copying /home/rslam/Desktop/Indoor_Mobile_Robotic_Arm/build/voice_control/build/lib/voice_control/__init__.py -> /home/rslam/Desktop/Indoor_Mobile_Robotic_Arm/install/voice_control/lib/python3.8/site-packages/voice_control
[3.304s] copying /home/rslam/Desktop/Indoor_Mobile_Robotic_Arm/build/voice_control/build/lib/voice_control/voice_command.py -> /home/rslam/Desktop/Indoor_Mobile_Robotic_Arm/install/voice_control/lib/python3.8/site-packages/voice_control
[3.304s] byte-compiling /home/rslam/Desktop/Indoor_Mobile_Robotic_Arm/install/voice_control/lib/python3.8/site-packages/voice_control/__init__.py to __init__.cpython-38.pyc
[3.307s] byte-compiling /home/rslam/Desktop/Indoor_Mobile_Robotic_Arm/install/voice_control/lib/python3.8/site-packages/voice_control/voice_command.py to voice_command.cpython-38.pyc
[3.307s]   File "/home/rslam/Desktop/Indoor_Mobile_Robotic_Arm/install/voice_control/lib/python3.8/site-packages/voice_control/voice_command.py", line 32
[3.307s]     self.url = pass
[3.307s]                ^
[3.307s] SyntaxError: invalid syntax
[3.307s] 
[3.307s] running install_data
[3.308s] creating /home/rslam/Desktop/Indoor_Mobile_Robotic_Arm/install/voice_control/share/ament_index
[3.308s] creating /home/rslam/Desktop/Indoor_Mobile_Robotic_Arm/install/voice_control/share/ament_index/resource_index
[3.308s] creating /home/rslam/Desktop/Indoor_Mobile_Robotic_Arm/install/voice_control/share/ament_index/resource_index/packages
[3.308s] copying resource/voice_control -> /home/rslam/Desktop/Indoor_Mobile_Robotic_Arm/install/voice_control/share/ament_index/resource_index/packages
[3.309s] copying package.xml -> /home/rslam/Desktop/Indoor_Mobile_Robotic_Arm/install/voice_control/share/voice_control
[3.309s] running install_egg_info
[3.310s] Copying ../../build/voice_control/voice_control.egg-info to /home/rslam/Desktop/Indoor_Mobile_Robotic_Arm/install/voice_control/lib/python3.8/site-packages/voice_control-0.0.0-py3.8.egg-info
[3.374s] running install_scripts
[3.421s] writing list of installed files to '/home/rslam/Desktop/Indoor_Mobile_Robotic_Arm/build/voice_control/install.log'
[3.563s] Invoked command in '/home/rslam/Desktop/Indoor_Mobile_Robotic_Arm/src/voice_control' returned '0': PYTHONPATH=/home/rslam/Desktop/Indoor_Mobile_Robotic_Arm/build/voice_control/prefix_override:/home/rslam/Desktop/Indoor_Mobile_Robotic_Arm/install/voice_control/lib/python3.8/site-packages:${PYTHONPATH} /usr/bin/python3 setup.py egg_info --egg-base ../../build/voice_control build --build-base /home/rslam/Desktop/Indoor_Mobile_Robotic_Arm/build/voice_control/build install --record /home/rslam/Desktop/Indoor_Mobile_Robotic_Arm/build/voice_control/install.log --install-scripts $base/lib/voice_control --single-version-externally-managed
