[2.065s] DEBUG:colcon:Command line arguments: ['/usr/bin/colcon', 'build']
[2.065s] DEBUG:colcon:Parsed command line arguments: Namespace(allow_overriding=[], ament_cmake_args=None, base_paths=['.'], build_base='build', catkin_cmake_args=None, catkin_skip_building_tests=False, cmake_args=None, cmake_clean_cache=False, cmake_clean_first=False, cmake_force_configure=False, cmake_target=None, cmake_target_skip_unavailable=False, continue_on_error=False, event_handlers=None, executor='parallel', ignore_user_meta=False, install_base='install', log_base=None, log_level=None, main=<bound method BuildVerb.main of <colcon_core.verb.build.BuildVerb object at 0xffff8a362310>>, merge_install=False, metas=['./colcon.meta'], packages_above=None, packages_above_and_dependencies=None, packages_above_depth=None, packages_end=None, packages_ignore=None, packages_ignore_regex=None, packages_select=None, packages_select_build_failed=False, packages_select_by_dep=None, packages_select_regex=None, packages_select_test_failures=False, packages_skip=None, packages_skip_build_finished=False, packages_skip_by_dep=None, packages_skip_regex=None, packages_skip_test_passed=False, packages_skip_up_to=None, packages_start=None, packages_up_to=None, packages_up_to_regex=None, parallel_workers=6, paths=None, symlink_install=False, test_result_base=None, verb_extension=<colcon_core.verb.build.BuildVerb object at 0xffff8a362310>, verb_name='build', verb_parser=<colcon_defaults.argument_parser.defaults.DefaultArgumentsDecorator object at 0xffff8a362850>)
[2.335s] Level 1:colcon.colcon_core.package_discovery:discover_packages(colcon_meta) check parameters
[2.336s] Level 1:colcon.colcon_core.package_discovery:discover_packages(recursive) check parameters
[2.336s] Level 1:colcon.colcon_core.package_discovery:discover_packages(ignore) check parameters
[2.336s] Level 1:colcon.colcon_core.package_discovery:discover_packages(path) check parameters
[2.336s] Level 1:colcon.colcon_core.package_discovery:discover_packages(colcon_meta) discover
[2.336s] Level 1:colcon.colcon_core.package_discovery:discover_packages(recursive) discover
[2.336s] INFO:colcon.colcon_core.package_discovery:Crawling recursively for packages in '/home/rslam/Desktop/Indoor_Mobile_Robotic_Arm'
[2.336s] Level 1:colcon.colcon_core.package_identification:_identify(.) by extensions ['ignore', 'ignore_ament_install']
[2.337s] Level 1:colcon.colcon_core.package_identification:_identify(.) by extension 'ignore'
[2.337s] Level 1:colcon.colcon_core.package_identification:_identify(.) by extension 'ignore_ament_install'
[2.337s] Level 1:colcon.colcon_core.package_identification:_identify(.) by extensions ['colcon_pkg']
[2.337s] Level 1:colcon.colcon_core.package_identification:_identify(.) by extension 'colcon_pkg'
[2.337s] Level 1:colcon.colcon_core.package_identification:_identify(.) by extensions ['colcon_meta']
[2.337s] Level 1:colcon.colcon_core.package_identification:_identify(.) by extension 'colcon_meta'
[2.337s] Level 1:colcon.colcon_core.package_identification:_identify(.) by extensions ['ros']
[2.337s] Level 1:colcon.colcon_core.package_identification:_identify(.) by extension 'ros'
[2.411s] Level 1:colcon.colcon_core.package_identification:_identify(.) by extensions ['cmake', 'python']
[2.411s] Level 1:colcon.colcon_core.package_identification:_identify(.) by extension 'cmake'
[2.411s] Level 1:colcon.colcon_core.package_identification:_identify(.) by extension 'python'
[2.411s] Level 1:colcon.colcon_core.package_identification:_identify(.) by extensions ['python_setup_py']
[2.411s] Level 1:colcon.colcon_core.package_identification:_identify(.) by extension 'python_setup_py'
[2.412s] Level 1:colcon.colcon_core.package_identification:_identify(build) by extensions ['ignore', 'ignore_ament_install']
[2.412s] Level 1:colcon.colcon_core.package_identification:_identify(build) by extension 'ignore'
[2.412s] Level 1:colcon.colcon_core.package_identification:_identify(build) ignored
[2.413s] Level 1:colcon.colcon_core.package_identification:_identify(install) by extensions ['ignore', 'ignore_ament_install']
[2.413s] Level 1:colcon.colcon_core.package_identification:_identify(install) by extension 'ignore'
[2.413s] Level 1:colcon.colcon_core.package_identification:_identify(install) ignored
[2.413s] Level 1:colcon.colcon_core.package_identification:_identify(log) by extensions ['ignore', 'ignore_ament_install']
[2.413s] Level 1:colcon.colcon_core.package_identification:_identify(log) by extension 'ignore'
[2.414s] Level 1:colcon.colcon_core.package_identification:_identify(log) ignored
[2.414s] Level 1:colcon.colcon_core.package_identification:_identify(src) by extensions ['ignore', 'ignore_ament_install']
[2.414s] Level 1:colcon.colcon_core.package_identification:_identify(src) by extension 'ignore'
[2.414s] Level 1:colcon.colcon_core.package_identification:_identify(src) by extension 'ignore_ament_install'
[2.414s] Level 1:colcon.colcon_core.package_identification:_identify(src) by extensions ['colcon_pkg']
[2.414s] Level 1:colcon.colcon_core.package_identification:_identify(src) by extension 'colcon_pkg'
[2.414s] Level 1:colcon.colcon_core.package_identification:_identify(src) by extensions ['colcon_meta']
[2.414s] Level 1:colcon.colcon_core.package_identification:_identify(src) by extension 'colcon_meta'
[2.415s] Level 1:colcon.colcon_core.package_identification:_identify(src) by extensions ['ros']
[2.415s] Level 1:colcon.colcon_core.package_identification:_identify(src) by extension 'ros'
[2.415s] Level 1:colcon.colcon_core.package_identification:_identify(src) by extensions ['cmake', 'python']
[2.415s] Level 1:colcon.colcon_core.package_identification:_identify(src) by extension 'cmake'
[2.415s] Level 1:colcon.colcon_core.package_identification:_identify(src) by extension 'python'
[2.415s] Level 1:colcon.colcon_core.package_identification:_identify(src) by extensions ['python_setup_py']
[2.415s] Level 1:colcon.colcon_core.package_identification:_identify(src) by extension 'python_setup_py'
[2.415s] Level 1:colcon.colcon_core.package_identification:_identify(src/locomotion_core) by extensions ['ignore', 'ignore_ament_install']
[2.416s] Level 1:colcon.colcon_core.package_identification:_identify(src/locomotion_core) by extension 'ignore'
[2.416s] Level 1:colcon.colcon_core.package_identification:_identify(src/locomotion_core) by extension 'ignore_ament_install'
[2.416s] Level 1:colcon.colcon_core.package_identification:_identify(src/locomotion_core) by extensions ['colcon_pkg']
[2.416s] Level 1:colcon.colcon_core.package_identification:_identify(src/locomotion_core) by extension 'colcon_pkg'
[2.416s] Level 1:colcon.colcon_core.package_identification:_identify(src/locomotion_core) by extensions ['colcon_meta']
[2.416s] Level 1:colcon.colcon_core.package_identification:_identify(src/locomotion_core) by extension 'colcon_meta'
[2.416s] Level 1:colcon.colcon_core.package_identification:_identify(src/locomotion_core) by extensions ['ros']
[2.416s] Level 1:colcon.colcon_core.package_identification:_identify(src/locomotion_core) by extension 'ros'
[2.563s] DEBUG:colcon.colcon_core.package_identification:Package 'src/locomotion_core' with type 'ros.ament_python' and name 'locomotion_core'
[2.563s] Level 1:colcon.colcon_core.package_identification:_identify(src/ros1_bridge) by extensions ['ignore', 'ignore_ament_install']
[2.564s] Level 1:colcon.colcon_core.package_identification:_identify(src/ros1_bridge) by extension 'ignore'
[2.564s] Level 1:colcon.colcon_core.package_identification:_identify(src/ros1_bridge) by extension 'ignore_ament_install'
[2.564s] Level 1:colcon.colcon_core.package_identification:_identify(src/ros1_bridge) by extensions ['colcon_pkg']
[2.564s] Level 1:colcon.colcon_core.package_identification:_identify(src/ros1_bridge) by extension 'colcon_pkg'
[2.564s] Level 1:colcon.colcon_core.package_identification:_identify(src/ros1_bridge) by extensions ['colcon_meta']
[2.564s] Level 1:colcon.colcon_core.package_identification:_identify(src/ros1_bridge) by extension 'colcon_meta'
[2.564s] Level 1:colcon.colcon_core.package_identification:_identify(src/ros1_bridge) by extensions ['ros']
[2.565s] Level 1:colcon.colcon_core.package_identification:_identify(src/ros1_bridge) by extension 'ros'
[2.567s] DEBUG:colcon.colcon_core.package_identification:Package 'src/ros1_bridge' with type 'ros.ament_cmake' and name 'ros1_bridge'
[2.567s] Level 1:colcon.colcon_core.package_identification:_identify(src/rsl_scu) by extensions ['ignore', 'ignore_ament_install']
[2.568s] Level 1:colcon.colcon_core.package_identification:_identify(src/rsl_scu) by extension 'ignore'
[2.568s] Level 1:colcon.colcon_core.package_identification:_identify(src/rsl_scu) by extension 'ignore_ament_install'
[2.568s] Level 1:colcon.colcon_core.package_identification:_identify(src/rsl_scu) by extensions ['colcon_pkg']
[2.568s] Level 1:colcon.colcon_core.package_identification:_identify(src/rsl_scu) by extension 'colcon_pkg'
[2.568s] Level 1:colcon.colcon_core.package_identification:_identify(src/rsl_scu) by extensions ['colcon_meta']
[2.568s] Level 1:colcon.colcon_core.package_identification:_identify(src/rsl_scu) by extension 'colcon_meta'
[2.568s] Level 1:colcon.colcon_core.package_identification:_identify(src/rsl_scu) by extensions ['ros']
[2.568s] Level 1:colcon.colcon_core.package_identification:_identify(src/rsl_scu) by extension 'ros'
[2.570s] DEBUG:colcon.colcon_core.package_identification:Package 'src/rsl_scu' with type 'ros.ament_python' and name 'rsl_scu'
[2.570s] Level 1:colcon.colcon_core.package_identification:_identify(src/voice_control) by extensions ['ignore', 'ignore_ament_install']
[2.570s] Level 1:colcon.colcon_core.package_identification:_identify(src/voice_control) by extension 'ignore'
[2.570s] Level 1:colcon.colcon_core.package_identification:_identify(src/voice_control) by extension 'ignore_ament_install'
[2.570s] Level 1:colcon.colcon_core.package_identification:_identify(src/voice_control) by extensions ['colcon_pkg']
[2.570s] Level 1:colcon.colcon_core.package_identification:_identify(src/voice_control) by extension 'colcon_pkg'
[2.571s] Level 1:colcon.colcon_core.package_identification:_identify(src/voice_control) by extensions ['colcon_meta']
[2.571s] Level 1:colcon.colcon_core.package_identification:_identify(src/voice_control) by extension 'colcon_meta'
[2.571s] Level 1:colcon.colcon_core.package_identification:_identify(src/voice_control) by extensions ['ros']
[2.571s] Level 1:colcon.colcon_core.package_identification:_identify(src/voice_control) by extension 'ros'
[2.572s] DEBUG:colcon.colcon_core.package_identification:Package 'src/voice_control' with type 'ros.ament_python' and name 'voice_control'
[2.572s] Level 1:colcon.colcon_core.package_discovery:discover_packages(recursive) using defaults
[2.572s] Level 1:colcon.colcon_core.package_discovery:discover_packages(ignore) discover
[2.572s] Level 1:colcon.colcon_core.package_discovery:discover_packages(ignore) using defaults
[2.572s] Level 1:colcon.colcon_core.package_discovery:discover_packages(path) discover
[2.572s] Level 1:colcon.colcon_core.package_discovery:discover_packages(path) using defaults
[2.639s] Level 1:colcon.colcon_core.package_discovery:discover_packages(prefix_path) check parameters
[2.639s] Level 1:colcon.colcon_core.package_discovery:discover_packages(prefix_path) discover
[2.646s] Level 1:colcon.colcon_core.package_discovery:discover_packages(prefix_path) using defaults
[2.651s] Level 5:colcon.colcon_core.verb:set package 'locomotion_core' build argument 'cmake_args' from command line to 'None'
[2.652s] Level 5:colcon.colcon_core.verb:set package 'locomotion_core' build argument 'cmake_target' from command line to 'None'
[2.652s] Level 5:colcon.colcon_core.verb:set package 'locomotion_core' build argument 'cmake_target_skip_unavailable' from command line to 'False'
[2.652s] Level 5:colcon.colcon_core.verb:set package 'locomotion_core' build argument 'cmake_clean_cache' from command line to 'False'
[2.652s] Level 5:colcon.colcon_core.verb:set package 'locomotion_core' build argument 'cmake_clean_first' from command line to 'False'
[2.652s] Level 5:colcon.colcon_core.verb:set package 'locomotion_core' build argument 'cmake_force_configure' from command line to 'False'
[2.652s] Level 5:colcon.colcon_core.verb:set package 'locomotion_core' build argument 'ament_cmake_args' from command line to 'None'
[2.652s] Level 5:colcon.colcon_core.verb:set package 'locomotion_core' build argument 'catkin_cmake_args' from command line to 'None'
[2.652s] Level 5:colcon.colcon_core.verb:set package 'locomotion_core' build argument 'catkin_skip_building_tests' from command line to 'False'
[2.652s] DEBUG:colcon.colcon_core.verb:Building package 'locomotion_core' with the following arguments: {'ament_cmake_args': None, 'build_base': '/home/rslam/Desktop/Indoor_Mobile_Robotic_Arm/build/locomotion_core', 'catkin_cmake_args': None, 'catkin_skip_building_tests': False, 'cmake_args': None, 'cmake_clean_cache': False, 'cmake_clean_first': False, 'cmake_force_configure': False, 'cmake_target': None, 'cmake_target_skip_unavailable': False, 'install_base': '/home/rslam/Desktop/Indoor_Mobile_Robotic_Arm/install/locomotion_core', 'merge_install': False, 'path': '/home/rslam/Desktop/Indoor_Mobile_Robotic_Arm/src/locomotion_core', 'symlink_install': False, 'test_result_base': None}
[2.654s] Level 5:colcon.colcon_core.verb:set package 'ros1_bridge' build argument 'cmake_args' from command line to 'None'
[2.654s] Level 5:colcon.colcon_core.verb:set package 'ros1_bridge' build argument 'cmake_target' from command line to 'None'
[2.654s] Level 5:colcon.colcon_core.verb:set package 'ros1_bridge' build argument 'cmake_target_skip_unavailable' from command line to 'False'
[2.654s] Level 5:colcon.colcon_core.verb:set package 'ros1_bridge' build argument 'cmake_clean_cache' from command line to 'False'
[2.654s] Level 5:colcon.colcon_core.verb:set package 'ros1_bridge' build argument 'cmake_clean_first' from command line to 'False'
[2.654s] Level 5:colcon.colcon_core.verb:set package 'ros1_bridge' build argument 'cmake_force_configure' from command line to 'False'
[2.654s] Level 5:colcon.colcon_core.verb:set package 'ros1_bridge' build argument 'ament_cmake_args' from command line to 'None'
[2.654s] Level 5:colcon.colcon_core.verb:set package 'ros1_bridge' build argument 'catkin_cmake_args' from command line to 'None'
[2.654s] Level 5:colcon.colcon_core.verb:set package 'ros1_bridge' build argument 'catkin_skip_building_tests' from command line to 'False'
[2.655s] DEBUG:colcon.colcon_core.verb:Building package 'ros1_bridge' with the following arguments: {'ament_cmake_args': None, 'build_base': '/home/rslam/Desktop/Indoor_Mobile_Robotic_Arm/build/ros1_bridge', 'catkin_cmake_args': None, 'catkin_skip_building_tests': False, 'cmake_args': None, 'cmake_clean_cache': False, 'cmake_clean_first': False, 'cmake_force_configure': False, 'cmake_target': None, 'cmake_target_skip_unavailable': False, 'install_base': '/home/rslam/Desktop/Indoor_Mobile_Robotic_Arm/install/ros1_bridge', 'merge_install': False, 'path': '/home/rslam/Desktop/Indoor_Mobile_Robotic_Arm/src/ros1_bridge', 'symlink_install': False, 'test_result_base': None}
[2.656s] Level 5:colcon.colcon_core.verb:set package 'rsl_scu' build argument 'cmake_args' from command line to 'None'
[2.656s] Level 5:colcon.colcon_core.verb:set package 'rsl_scu' build argument 'cmake_target' from command line to 'None'
[2.656s] Level 5:colcon.colcon_core.verb:set package 'rsl_scu' build argument 'cmake_target_skip_unavailable' from command line to 'False'
[2.657s] Level 5:colcon.colcon_core.verb:set package 'rsl_scu' build argument 'cmake_clean_cache' from command line to 'False'
[2.657s] Level 5:colcon.colcon_core.verb:set package 'rsl_scu' build argument 'cmake_clean_first' from command line to 'False'
[2.657s] Level 5:colcon.colcon_core.verb:set package 'rsl_scu' build argument 'cmake_force_configure' from command line to 'False'
[2.657s] Level 5:colcon.colcon_core.verb:set package 'rsl_scu' build argument 'ament_cmake_args' from command line to 'None'
[2.657s] Level 5:colcon.colcon_core.verb:set package 'rsl_scu' build argument 'catkin_cmake_args' from command line to 'None'
[2.657s] Level 5:colcon.colcon_core.verb:set package 'rsl_scu' build argument 'catkin_skip_building_tests' from command line to 'False'
[2.657s] DEBUG:colcon.colcon_core.verb:Building package 'rsl_scu' with the following arguments: {'ament_cmake_args': None, 'build_base': '/home/rslam/Desktop/Indoor_Mobile_Robotic_Arm/build/rsl_scu', 'catkin_cmake_args': None, 'catkin_skip_building_tests': False, 'cmake_args': None, 'cmake_clean_cache': False, 'cmake_clean_first': False, 'cmake_force_configure': False, 'cmake_target': None, 'cmake_target_skip_unavailable': False, 'install_base': '/home/rslam/Desktop/Indoor_Mobile_Robotic_Arm/install/rsl_scu', 'merge_install': False, 'path': '/home/rslam/Desktop/Indoor_Mobile_Robotic_Arm/src/rsl_scu', 'symlink_install': False, 'test_result_base': None}
[2.662s] Level 5:colcon.colcon_core.verb:set package 'voice_control' build argument 'cmake_args' from command line to 'None'
[2.662s] Level 5:colcon.colcon_core.verb:set package 'voice_control' build argument 'cmake_target' from command line to 'None'
[2.662s] Level 5:colcon.colcon_core.verb:set package 'voice_control' build argument 'cmake_target_skip_unavailable' from command line to 'False'
[2.662s] Level 5:colcon.colcon_core.verb:set package 'voice_control' build argument 'cmake_clean_cache' from command line to 'False'
[2.662s] Level 5:colcon.colcon_core.verb:set package 'voice_control' build argument 'cmake_clean_first' from command line to 'False'
[2.662s] Level 5:colcon.colcon_core.verb:set package 'voice_control' build argument 'cmake_force_configure' from command line to 'False'
[2.662s] Level 5:colcon.colcon_core.verb:set package 'voice_control' build argument 'ament_cmake_args' from command line to 'None'
[2.662s] Level 5:colcon.colcon_core.verb:set package 'voice_control' build argument 'catkin_cmake_args' from command line to 'None'
[2.662s] Level 5:colcon.colcon_core.verb:set package 'voice_control' build argument 'catkin_skip_building_tests' from command line to 'False'
[2.662s] DEBUG:colcon.colcon_core.verb:Building package 'voice_control' with the following arguments: {'ament_cmake_args': None, 'build_base': '/home/rslam/Desktop/Indoor_Mobile_Robotic_Arm/build/voice_control', 'catkin_cmake_args': None, 'catkin_skip_building_tests': False, 'cmake_args': None, 'cmake_clean_cache': False, 'cmake_clean_first': False, 'cmake_force_configure': False, 'cmake_target': None, 'cmake_target_skip_unavailable': False, 'install_base': '/home/rslam/Desktop/Indoor_Mobile_Robotic_Arm/install/voice_control', 'merge_install': False, 'path': '/home/rslam/Desktop/Indoor_Mobile_Robotic_Arm/src/voice_control', 'symlink_install': False, 'test_result_base': None}
[2.664s] INFO:colcon.colcon_core.executor:Executing jobs using 'parallel' executor
[2.672s] DEBUG:colcon.colcon_parallel_executor.executor.parallel:run_until_complete
[2.673s] INFO:colcon.colcon_ros.task.ament_python.build:Building ROS package in '/home/rslam/Desktop/Indoor_Mobile_Robotic_Arm/src/locomotion_core' with build type 'ament_python'
[2.673s] Level 1:colcon.colcon_core.shell:create_environment_hook('locomotion_core', 'ament_prefix_path')
[2.840s] INFO:colcon.colcon_core.plugin_system:Skipping extension 'colcon_core.shell.bat': Not used on non-Windows systems
[2.840s] INFO:colcon.colcon_core.shell:Creating environment hook '/home/rslam/Desktop/Indoor_Mobile_Robotic_Arm/install/locomotion_core/share/locomotion_core/hook/ament_prefix_path.ps1'
[2.844s] INFO:colcon.colcon_core.shell:Creating environment descriptor '/home/rslam/Desktop/Indoor_Mobile_Robotic_Arm/install/locomotion_core/share/locomotion_core/hook/ament_prefix_path.dsv'
[2.846s] INFO:colcon.colcon_core.shell:Creating environment hook '/home/rslam/Desktop/Indoor_Mobile_Robotic_Arm/install/locomotion_core/share/locomotion_core/hook/ament_prefix_path.sh'
[2.850s] INFO:colcon.colcon_core.shell:Skip shell extension 'powershell' for command environment: Not usable outside of PowerShell
[2.850s] DEBUG:colcon.colcon_core.shell:Skip shell extension 'dsv' for command environment
[2.861s] INFO:colcon.colcon_ros.task.ament_cmake.build:Building ROS package in '/home/rslam/Desktop/Indoor_Mobile_Robotic_Arm/src/ros1_bridge' with build type 'ament_cmake'
[2.863s] INFO:colcon.colcon_cmake.task.cmake.build:Building CMake package in '/home/rslam/Desktop/Indoor_Mobile_Robotic_Arm/src/ros1_bridge'
[2.866s] INFO:colcon.colcon_core.shell:Skip shell extension 'powershell' for command environment: Not usable outside of PowerShell
[2.866s] DEBUG:colcon.colcon_core.shell:Skip shell extension 'dsv' for command environment
[2.874s] INFO:colcon.colcon_ros.task.ament_python.build:Building ROS package in '/home/rslam/Desktop/Indoor_Mobile_Robotic_Arm/src/rsl_scu' with build type 'ament_python'
[2.875s] Level 1:colcon.colcon_core.shell:create_environment_hook('rsl_scu', 'ament_prefix_path')
[2.878s] INFO:colcon.colcon_core.shell:Creating environment hook '/home/rslam/Desktop/Indoor_Mobile_Robotic_Arm/install/rsl_scu/share/rsl_scu/hook/ament_prefix_path.ps1'
[2.881s] INFO:colcon.colcon_core.shell:Creating environment descriptor '/home/rslam/Desktop/Indoor_Mobile_Robotic_Arm/install/rsl_scu/share/rsl_scu/hook/ament_prefix_path.dsv'
[2.882s] INFO:colcon.colcon_core.shell:Creating environment hook '/home/rslam/Desktop/Indoor_Mobile_Robotic_Arm/install/rsl_scu/share/rsl_scu/hook/ament_prefix_path.sh'
[2.885s] INFO:colcon.colcon_core.shell:Skip shell extension 'powershell' for command environment: Not usable outside of PowerShell
[2.885s] DEBUG:colcon.colcon_core.shell:Skip shell extension 'dsv' for command environment
[2.895s] INFO:colcon.colcon_ros.task.ament_python.build:Building ROS package in '/home/rslam/Desktop/Indoor_Mobile_Robotic_Arm/src/voice_control' with build type 'ament_python'
[2.896s] Level 1:colcon.colcon_core.shell:create_environment_hook('voice_control', 'ament_prefix_path')
[2.900s] INFO:colcon.colcon_core.shell:Creating environment hook '/home/rslam/Desktop/Indoor_Mobile_Robotic_Arm/install/voice_control/share/voice_control/hook/ament_prefix_path.ps1'
[2.902s] INFO:colcon.colcon_core.shell:Creating environment descriptor '/home/rslam/Desktop/Indoor_Mobile_Robotic_Arm/install/voice_control/share/voice_control/hook/ament_prefix_path.dsv'
[2.903s] INFO:colcon.colcon_core.shell:Creating environment hook '/home/rslam/Desktop/Indoor_Mobile_Robotic_Arm/install/voice_control/share/voice_control/hook/ament_prefix_path.sh'
[2.906s] INFO:colcon.colcon_core.shell:Skip shell extension 'powershell' for command environment: Not usable outside of PowerShell
[2.906s] DEBUG:colcon.colcon_core.shell:Skip shell extension 'dsv' for command environment
[3.489s] INFO:colcon.colcon_core.task.python.build:Building Python package in '/home/rslam/Desktop/Indoor_Mobile_Robotic_Arm/src/locomotion_core'
[3.493s] INFO:colcon.colcon_core.shell:Skip shell extension 'powershell' for command environment: Not usable outside of PowerShell
[3.493s] DEBUG:colcon.colcon_core.shell:Skip shell extension 'dsv' for command environment
[3.513s] DEBUG:colcon.colcon_core.event_handler.log_command:Invoking command in '/home/rslam/Desktop/Indoor_Mobile_Robotic_Arm/build/ros1_bridge': /usr/bin/cmake /home/rslam/Desktop/Indoor_Mobile_Robotic_Arm/src/ros1_bridge -DCMAKE_INSTALL_PREFIX=/home/rslam/Desktop/Indoor_Mobile_Robotic_Arm/install/ros1_bridge
[4.111s] INFO:colcon.colcon_core.task.python.build:Building Python package in '/home/rslam/Desktop/Indoor_Mobile_Robotic_Arm/src/rsl_scu'
[4.118s] INFO:colcon.colcon_core.shell:Skip shell extension 'powershell' for command environment: Not usable outside of PowerShell
[4.118s] DEBUG:colcon.colcon_core.shell:Skip shell extension 'dsv' for command environment
[4.556s] INFO:colcon.colcon_core.task.python.build:Building Python package in '/home/rslam/Desktop/Indoor_Mobile_Robotic_Arm/src/voice_control'
[4.563s] INFO:colcon.colcon_core.shell:Skip shell extension 'powershell' for command environment: Not usable outside of PowerShell
[4.563s] DEBUG:colcon.colcon_core.shell:Skip shell extension 'dsv' for command environment
[6.628s] DEBUG:colcon.colcon_core.event_handler.log_command:Invoked command in '/home/rslam/Desktop/Indoor_Mobile_Robotic_Arm/build/ros1_bridge' returned '1': /usr/bin/cmake /home/rslam/Desktop/Indoor_Mobile_Robotic_Arm/src/ros1_bridge -DCMAKE_INSTALL_PREFIX=/home/rslam/Desktop/Indoor_Mobile_Robotic_Arm/install/ros1_bridge
[6.668s] Level 1:colcon.colcon_core.environment:create_environment_scripts_only(ros1_bridge)
[6.834s] Level 1:colcon.colcon_core.environment:checking '/home/rslam/Desktop/Indoor_Mobile_Robotic_Arm/install/ros1_bridge' for CMake module files
[6.835s] Level 1:colcon.colcon_core.environment:checking '/home/rslam/Desktop/Indoor_Mobile_Robotic_Arm/install/ros1_bridge' for CMake config files
[6.836s] Level 1:colcon.colcon_core.environment:checking '/home/rslam/Desktop/Indoor_Mobile_Robotic_Arm/install/ros1_bridge/bin'
[6.836s] Level 1:colcon.colcon_core.environment:checking '/home/rslam/Desktop/Indoor_Mobile_Robotic_Arm/install/ros1_bridge/lib/pkgconfig/ros1_bridge.pc'
[6.836s] Level 1:colcon.colcon_core.environment:checking '/home/rslam/Desktop/Indoor_Mobile_Robotic_Arm/install/ros1_bridge/lib/python3.8/site-packages'
[6.837s] Level 1:colcon.colcon_core.environment:checking '/home/rslam/Desktop/Indoor_Mobile_Robotic_Arm/install/ros1_bridge/bin'
[6.840s] INFO:colcon.colcon_core.shell:Creating package script '/home/rslam/Desktop/Indoor_Mobile_Robotic_Arm/install/ros1_bridge/share/ros1_bridge/package.ps1'
[6.843s] INFO:colcon.colcon_core.shell:Creating package descriptor '/home/rslam/Desktop/Indoor_Mobile_Robotic_Arm/install/ros1_bridge/share/ros1_bridge/package.dsv'
[6.845s] INFO:colcon.colcon_core.shell:Creating package script '/home/rslam/Desktop/Indoor_Mobile_Robotic_Arm/install/ros1_bridge/share/ros1_bridge/package.sh'
[6.846s] INFO:colcon.colcon_core.shell:Creating package script '/home/rslam/Desktop/Indoor_Mobile_Robotic_Arm/install/ros1_bridge/share/ros1_bridge/package.bash'
[6.850s] INFO:colcon.colcon_core.shell:Creating package script '/home/rslam/Desktop/Indoor_Mobile_Robotic_Arm/install/ros1_bridge/share/ros1_bridge/package.zsh'
[6.853s] Level 1:colcon.colcon_core.environment:create_file_with_runtime_dependencies(/home/rslam/Desktop/Indoor_Mobile_Robotic_Arm/install/ros1_bridge/share/colcon-core/packages/ros1_bridge)
[6.867s] DEBUG:colcon.colcon_parallel_executor.executor.parallel:closing loop
[6.868s] DEBUG:colcon.colcon_parallel_executor.executor.parallel:loop closed
[6.868s] DEBUG:colcon.colcon_parallel_executor.executor.parallel:run_until_complete finished with '1'
[6.869s] DEBUG:colcon.colcon_core.event_reactor:joining thread
[7.022s] INFO:colcon.colcon_core.plugin_system:Skipping extension 'colcon_notification.desktop_notification.terminal_notifier': Not used on non-Darwin systems
[7.023s] INFO:colcon.colcon_core.plugin_system:Skipping extension 'colcon_notification.desktop_notification.win32': Not used on non-Windows systems
[7.023s] INFO:colcon.colcon_notification.desktop_notification:Sending desktop notification using 'notify2'
[7.091s] DEBUG:colcon.colcon_core.event_reactor:joined thread
[7.095s] INFO:colcon.colcon_core.shell:Creating prefix script '/home/rslam/Desktop/Indoor_Mobile_Robotic_Arm/install/local_setup.ps1'
[7.223s] INFO:colcon.colcon_core.shell:Creating prefix util module '/home/rslam/Desktop/Indoor_Mobile_Robotic_Arm/install/_local_setup_util_ps1.py'
[7.227s] INFO:colcon.colcon_core.shell:Creating prefix chain script '/home/rslam/Desktop/Indoor_Mobile_Robotic_Arm/install/setup.ps1'
[7.230s] INFO:colcon.colcon_core.shell:Creating prefix script '/home/rslam/Desktop/Indoor_Mobile_Robotic_Arm/install/local_setup.sh'
[7.233s] INFO:colcon.colcon_core.shell:Creating prefix util module '/home/rslam/Desktop/Indoor_Mobile_Robotic_Arm/install/_local_setup_util_sh.py'
[7.233s] INFO:colcon.colcon_core.shell:Creating prefix chain script '/home/rslam/Desktop/Indoor_Mobile_Robotic_Arm/install/setup.sh'
[7.237s] INFO:colcon.colcon_core.shell:Creating prefix script '/home/rslam/Desktop/Indoor_Mobile_Robotic_Arm/install/local_setup.bash'
[7.238s] INFO:colcon.colcon_core.shell:Creating prefix chain script '/home/rslam/Desktop/Indoor_Mobile_Robotic_Arm/install/setup.bash'
[7.241s] INFO:colcon.colcon_core.shell:Creating prefix script '/home/rslam/Desktop/Indoor_Mobile_Robotic_Arm/install/local_setup.zsh'
[7.243s] INFO:colcon.colcon_core.shell:Creating prefix chain script '/home/rslam/Desktop/Indoor_Mobile_Robotic_Arm/install/setup.zsh'
